2021-09-23 02:32:53,853 [INFO] Activator:177 - 


2021-09-23 02:32:53,854 [INFO] Activator:178 - !SESSION log4j initialized
2021-09-23 02:34:12,059 [INFO] McuFinderGlobals:39 - Set McuFinder mode to 2 (CubeIDE integrated)
2021-09-23 02:34:12,421 [INFO] ApplicationProperties:181 - Using Application install path: C:\ST\STM32CubeIDE_1.7.0\STM32CubeIDE\plugins\com.st.stm32cube.common.mx_6.3.0.202107141111
2021-09-23 02:34:12,428 [INFO] DbMcusXml:74 - Set database path to: C:\ST\STM32CubeIDE_1.7.0\STM32CubeIDE\plugins\com.st.stm32cube.common.mx_6.3.0.202107141111\\db\/mcu/
2021-09-23 02:34:12,431 [INFO] DbBoardsPdsc:56 - Set plugin database path to: C:\ST\STM32CubeIDE_1.7.0\STM32CubeIDE\plugins\com.st.stm32cube.common.mx_6.3.0.202107141111\\db\/plugins/boardmanager/
2021-09-23 02:34:12,432 [INFO] DbMcus:258 - Set plugin images path to: C:\ST\STM32CubeIDE_1.7.0\STM32CubeIDE\plugins\com.st.stm32cube.common.mx_6.3.0.202107141111\\db\/plugins/mcufinder/images/
2021-09-23 02:34:12,432 [INFO] DbBoards:264 - Set plugin images path to: C:\ST\STM32CubeIDE_1.7.0\STM32CubeIDE\plugins\com.st.stm32cube.common.mx_6.3.0.202107141111\\db\/plugins/mcufinder/images/
2021-09-23 02:34:12,434 [INFO] DbExamples:333 - Set plugin images path to: C:\ST\STM32CubeIDE_1.7.0\STM32CubeIDE\plugins\com.st.stm32cube.common.mx_6.3.0.202107141111\\db\/plugins/mcufinder/images/
2021-09-23 02:34:12,438 [INFO] DbMcusAds:119 - Set database path to: C:\Users\Nelson Lima\.stmcufinder\plugins\mcufinder//mcu/
2021-09-23 02:34:12,438 [INFO] DbMcusDocs:110 - Set database path to: C:\Users\Nelson Lima\.stmcufinder\plugins\mcufinder//mcu/
2021-09-23 02:34:12,439 [INFO] DbMcusJson:64 - Set database path to: C:\Users\Nelson Lima\.stmcufinder\plugins\mcufinder//mcu/
2021-09-23 02:34:12,440 [INFO] DbBoardsDocs:110 - Set database path to: C:\Users\Nelson Lima\.stmcufinder\plugins\mcufinder//mcu/
2021-09-23 02:34:12,441 [INFO] DbBoardsJson:57 - Set database path to: C:\Users\Nelson Lima\.stmcufinder\plugins\mcufinder//mcu/
2021-09-23 02:34:12,637 [INFO] CrossReferenceDbSqlite:196 - Set database path to: C:\Users\Nelson Lima\.stmcufinder\plugins\mcufinder//mcu/cs/
2021-09-23 02:34:12,640 [INFO] DbExamplesSqlite:767 - Set database path to: C:\Users\Nelson Lima\.stmcufinder\plugins\mcufinder//mcu/
2021-09-23 02:34:12,719 [INFO] RulesReader:57 - Compatibility file has been processed (242 Rules)
2021-09-23 02:34:12,777 [INFO] DbMcusXml:74 - Set database path to: C:\ST\STM32CubeIDE_1.7.0\STM32CubeIDE\plugins\com.st.stm32cube.common.mx_6.3.0.202107141111\\db\/mcu/
2021-09-23 02:34:12,778 [INFO] DbBoardsPdsc:56 - Set plugin database path to: C:\ST\STM32CubeIDE_1.7.0\STM32CubeIDE\plugins\com.st.stm32cube.common.mx_6.3.0.202107141111\\db\/plugins/boardmanager/
2021-09-23 02:34:12,778 [INFO] DbMcus:258 - Set plugin images path to: C:\ST\STM32CubeIDE_1.7.0\STM32CubeIDE\plugins\com.st.stm32cube.common.mx_6.3.0.202107141111\\db\/plugins/mcufinder/images/
2021-09-23 02:34:12,778 [INFO] DbBoards:264 - Set plugin images path to: C:\ST\STM32CubeIDE_1.7.0\STM32CubeIDE\plugins\com.st.stm32cube.common.mx_6.3.0.202107141111\\db\/plugins/mcufinder/images/
2021-09-23 02:34:12,778 [INFO] DbExamples:333 - Set plugin images path to: C:\ST\STM32CubeIDE_1.7.0\STM32CubeIDE\plugins\com.st.stm32cube.common.mx_6.3.0.202107141111\\db\/plugins/mcufinder/images/
2021-09-23 02:34:12,778 [WARN] DbFile:35 - Overriding database path with different value: C:\Users\Nelson Lima\.stmcufinder\plugins\mcufinder/ => C:\Users\Nelson Lima\.stmcufinder\plugins\mcufinder
2021-09-23 02:34:12,778 [INFO] DbMcusAds:119 - Set database path to: C:\Users\Nelson Lima\.stmcufinder\plugins\mcufinder//mcu/
2021-09-23 02:34:12,778 [WARN] DbFile:35 - Overriding database path with different value: C:\Users\Nelson Lima\.stmcufinder\plugins\mcufinder/ => C:\Users\Nelson Lima\.stmcufinder\plugins\mcufinder
2021-09-23 02:34:12,778 [INFO] DbMcusDocs:110 - Set database path to: C:\Users\Nelson Lima\.stmcufinder\plugins\mcufinder//mcu/
2021-09-23 02:34:12,779 [WARN] DbFile:35 - Overriding database path with different value: C:\Users\Nelson Lima\.stmcufinder\plugins\mcufinder/ => C:\Users\Nelson Lima\.stmcufinder\plugins\mcufinder
2021-09-23 02:34:12,779 [INFO] DbMcusJson:64 - Set database path to: C:\Users\Nelson Lima\.stmcufinder\plugins\mcufinder//mcu/
2021-09-23 02:34:12,779 [WARN] DbFile:35 - Overriding database path with different value: C:\Users\Nelson Lima\.stmcufinder\plugins\mcufinder/ => C:\Users\Nelson Lima\.stmcufinder\plugins\mcufinder
2021-09-23 02:34:12,779 [INFO] DbBoardsDocs:110 - Set database path to: C:\Users\Nelson Lima\.stmcufinder\plugins\mcufinder//mcu/
2021-09-23 02:34:12,779 [WARN] DbFile:35 - Overriding database path with different value: C:\Users\Nelson Lima\.stmcufinder\plugins\mcufinder/ => C:\Users\Nelson Lima\.stmcufinder\plugins\mcufinder
2021-09-23 02:34:12,779 [INFO] DbBoardsJson:57 - Set database path to: C:\Users\Nelson Lima\.stmcufinder\plugins\mcufinder//mcu/
2021-09-23 02:34:12,779 [WARN] DbFile:35 - Overriding database path with different value: C:\Users\Nelson Lima\.stmcufinder\plugins\mcufinder/ => C:\Users\Nelson Lima\.stmcufinder\plugins\mcufinder
2021-09-23 02:34:12,779 [WARN] DbFile:35 - Overriding database path with different value: C:\Users\Nelson Lima\.stmcufinder\plugins\mcufinder/ => C:\Users\Nelson Lima\.stmcufinder\plugins\mcufinder
2021-09-23 02:34:12,779 [INFO] CrossReferenceDbSqlite:196 - Set database path to: C:\Users\Nelson Lima\.stmcufinder\plugins\mcufinder//mcu/cs/
2021-09-23 02:34:12,779 [WARN] DbFile:35 - Overriding database path with different value: C:\Users\Nelson Lima\.stmcufinder\plugins\mcufinder/ => C:\Users\Nelson Lima\.stmcufinder\plugins\mcufinder
2021-09-23 02:34:12,779 [INFO] DbExamplesSqlite:767 - Set database path to: C:\Users\Nelson Lima\.stmcufinder\plugins\mcufinder//mcu/
2021-09-23 02:34:12,823 [INFO] MainPanel:214 - HeapMemory: 392167424
2021-09-23 02:34:12,872 [INFO] DbMcusXml:74 - Set database path to: C:\ST\STM32CubeIDE_1.7.0\STM32CubeIDE\plugins\com.st.stm32cube.common.mx_6.3.0.202107141111\\db\/mcu/
2021-09-23 02:34:12,872 [INFO] DbBoardsPdsc:56 - Set plugin database path to: C:\ST\STM32CubeIDE_1.7.0\STM32CubeIDE\plugins\com.st.stm32cube.common.mx_6.3.0.202107141111\\db\/plugins/boardmanager/
2021-09-23 02:34:12,872 [INFO] DbMcus:258 - Set plugin images path to: C:\ST\STM32CubeIDE_1.7.0\STM32CubeIDE\plugins\com.st.stm32cube.common.mx_6.3.0.202107141111\\db\/plugins/mcufinder/images/
2021-09-23 02:34:12,872 [INFO] DbBoards:264 - Set plugin images path to: C:\ST\STM32CubeIDE_1.7.0\STM32CubeIDE\plugins\com.st.stm32cube.common.mx_6.3.0.202107141111\\db\/plugins/mcufinder/images/
2021-09-23 02:34:12,873 [INFO] DbExamples:333 - Set plugin images path to: C:\ST\STM32CubeIDE_1.7.0\STM32CubeIDE\plugins\com.st.stm32cube.common.mx_6.3.0.202107141111\\db\/plugins/mcufinder/images/
2021-09-23 02:34:12,873 [WARN] DbFile:35 - Overriding database path with different value: C:\Users\Nelson Lima\.stmcufinder\plugins\mcufinder/ => C:\Users\Nelson Lima\.stmcufinder\plugins\mcufinder
2021-09-23 02:34:12,873 [INFO] DbMcusAds:119 - Set database path to: C:\Users\Nelson Lima\.stmcufinder\plugins\mcufinder//mcu/
2021-09-23 02:34:12,873 [WARN] DbFile:35 - Overriding database path with different value: C:\Users\Nelson Lima\.stmcufinder\plugins\mcufinder/ => C:\Users\Nelson Lima\.stmcufinder\plugins\mcufinder
2021-09-23 02:34:12,873 [INFO] DbMcusDocs:110 - Set database path to: C:\Users\Nelson Lima\.stmcufinder\plugins\mcufinder//mcu/
2021-09-23 02:34:12,873 [WARN] DbFile:35 - Overriding database path with different value: C:\Users\Nelson Lima\.stmcufinder\plugins\mcufinder/ => C:\Users\Nelson Lima\.stmcufinder\plugins\mcufinder
2021-09-23 02:34:12,873 [INFO] DbMcusJson:64 - Set database path to: C:\Users\Nelson Lima\.stmcufinder\plugins\mcufinder//mcu/
2021-09-23 02:34:12,873 [WARN] DbFile:35 - Overriding database path with different value: C:\Users\Nelson Lima\.stmcufinder\plugins\mcufinder/ => C:\Users\Nelson Lima\.stmcufinder\plugins\mcufinder
2021-09-23 02:34:12,873 [INFO] DbBoardsDocs:110 - Set database path to: C:\Users\Nelson Lima\.stmcufinder\plugins\mcufinder//mcu/
2021-09-23 02:34:12,874 [WARN] DbFile:35 - Overriding database path with different value: C:\Users\Nelson Lima\.stmcufinder\plugins\mcufinder/ => C:\Users\Nelson Lima\.stmcufinder\plugins\mcufinder
2021-09-23 02:34:12,874 [INFO] DbBoardsJson:57 - Set database path to: C:\Users\Nelson Lima\.stmcufinder\plugins\mcufinder//mcu/
2021-09-23 02:34:12,874 [WARN] DbFile:35 - Overriding database path with different value: C:\Users\Nelson Lima\.stmcufinder\plugins\mcufinder/ => C:\Users\Nelson Lima\.stmcufinder\plugins\mcufinder
2021-09-23 02:34:12,874 [WARN] DbFile:35 - Overriding database path with different value: C:\Users\Nelson Lima\.stmcufinder\plugins\mcufinder/ => C:\Users\Nelson Lima\.stmcufinder\plugins\mcufinder
2021-09-23 02:34:12,874 [INFO] CrossReferenceDbSqlite:196 - Set database path to: C:\Users\Nelson Lima\.stmcufinder\plugins\mcufinder//mcu/cs/
2021-09-23 02:34:12,874 [WARN] DbFile:35 - Overriding database path with different value: C:\Users\Nelson Lima\.stmcufinder\plugins\mcufinder/ => C:\Users\Nelson Lima\.stmcufinder\plugins\mcufinder
2021-09-23 02:34:12,874 [INFO] DbExamplesSqlite:767 - Set database path to: C:\Users\Nelson Lima\.stmcufinder\plugins\mcufinder//mcu/
2021-09-23 02:34:12,896 [INFO] ApplicationProperties:181 - Using Application install path: C:\ST\STM32CubeIDE_1.7.0\STM32CubeIDE\plugins\com.st.stm32cube.common.mx_6.3.0.202107141111
2021-09-23 02:34:12,897 [INFO] PluginManage:188 - Search for loadable plugins [exclusion list=, ]
2021-09-23 02:34:12,898 [INFO] PluginManage:302 - Check plugin analytics
2021-09-23 02:34:13,015 [INFO] AnalyticsPlugin:257 - Accepted Software Licenses: 
2021-09-23 02:34:13,015 [INFO] AnalyticsPlugin:259 - Accepted CMSIS Pack Licenses: 
2021-09-23 02:34:13,015 [INFO] AnalyticsPlugin:261 - Accepted Firmware Licenses: 
2021-09-23 02:34:13,015 [INFO] PluginManage:352 - Loaded plugin analytics (category:tool,tabindex:-1)
2021-09-23 02:34:13,016 [INFO] PluginManage:302 - Check plugin clock
2021-09-23 02:34:13,030 [INFO] PluginManage:352 - Loaded plugin clock (category:base,tabindex:2)
2021-09-23 02:34:13,030 [INFO] PluginManage:302 - Check plugin ddr
2021-09-23 02:34:13,031 [INFO] PluginManage:352 - Loaded plugin ddr (category:tool,tabindex:6)
2021-09-23 02:34:13,031 [INFO] PluginManage:302 - Check plugin filemanager
2021-09-23 02:34:13,143 [INFO] PluginManage:352 - Loaded plugin filemanager (category:base,tabindex:10)
2021-09-23 02:34:13,144 [INFO] PluginManage:302 - Check plugin ipmanager
2021-09-23 02:34:13,150 [INFO] PluginManage:352 - Loaded plugin ipmanager (category:base,tabindex:5)
2021-09-23 02:34:13,150 [INFO] PluginManage:302 - Check plugin pinoutandconfiguration
2021-09-23 02:34:13,163 [INFO] PluginManage:352 - Loaded plugin pinoutandconfiguration (category:base,tabindex:1)
2021-09-23 02:34:13,163 [INFO] PluginManage:302 - Check plugin pinoutconfig
2021-09-23 02:34:13,189 [INFO] PluginManage:352 - Loaded plugin pinoutconfig (category:base,tabindex:0)
2021-09-23 02:34:13,189 [INFO] PluginManage:302 - Check plugin power
2021-09-23 02:34:13,203 [INFO] PluginManage:352 - Loaded plugin power (category:power,tabindex:4)
2021-09-23 02:34:13,203 [INFO] PluginManage:302 - Check plugin projectmanager
2021-09-23 02:34:13,232 [INFO] PluginManage:352 - Loaded plugin projectmanager (category:projectmanager,tabindex:3)
2021-09-23 02:34:13,232 [INFO] PluginManage:302 - Check plugin thirdparty
2021-09-23 02:34:13,407 [WARN] IntegrityCheckThread:78 - waiting for thirdparty lock release [integrity check]
2021-09-23 02:34:13,407 [INFO] PluginManage:352 - Loaded plugin thirdparty (category:base,tabindex:-1)
2021-09-23 02:34:13,408 [INFO] PluginManage:302 - Check plugin tools
2021-09-23 02:34:13,408 [INFO] IntegrityCheckThread:80 - entering critical section [integrity check]
2021-09-23 02:34:13,408 [INFO] ThirdPartyUpdaterWithRetryManager:66 - Updater plugin not ready yet. [1/15]
2021-09-23 02:34:13,442 [INFO] PluginManage:352 - Loaded plugin tools (category:base,tabindex:7)
2021-09-23 02:34:13,442 [INFO] PluginManage:302 - Check plugin tutovideos
2021-09-23 02:34:13,600 [INFO] PluginManage:352 - Loaded plugin tutovideos (category:base,tabindex:-1)
2021-09-23 02:34:13,600 [INFO] PluginManage:302 - Check plugin updater
2021-09-23 02:34:13,609 [INFO] PluginManage:352 - Loaded plugin updater (category:base,tabindex:12)
2021-09-23 02:34:13,609 [INFO] PluginManage:275 - PluginManage : Loaded plugins [13]
2021-09-23 02:34:13,733 [INFO] PinOutPanel:1463 - setPackage(No Configuration,No Configuration)
2021-09-23 02:34:13,803 [INFO] IPUIPlugin:74 - create IPUIPlugin
2021-09-23 02:34:13,803 [INFO] PluginManager:213 - loadIPPluginJar : add adc
2021-09-23 02:34:13,827 [INFO] IPUIPlugin:74 - create IPUIPlugin
2021-09-23 02:34:13,828 [INFO] PluginManager:213 - loadIPPluginJar : add aes
2021-09-23 02:34:13,855 [INFO] IPUIPlugin:74 - create IPUIPlugin
2021-09-23 02:34:13,855 [INFO] PluginManager:213 - loadIPPluginJar : add can
2021-09-23 02:34:13,872 [INFO] IPUIPlugin:74 - create IPUIPlugin
2021-09-23 02:34:13,872 [INFO] PluginManager:213 - loadIPPluginJar : add comp
2021-09-23 02:34:13,893 [INFO] IPUIPlugin:74 - create IPUIPlugin
2021-09-23 02:34:13,894 [INFO] PluginManager:213 - loadIPPluginJar : add cryp
2021-09-23 02:34:13,915 [INFO] IPUIPlugin:74 - create IPUIPlugin
2021-09-23 02:34:13,915 [INFO] PluginManager:213 - loadIPPluginJar : add dfsdm
2021-09-23 02:34:13,924 [INFO] IPUIPlugin:74 - create IPUIPlugin
2021-09-23 02:34:13,924 [INFO] PluginManager:213 - loadIPPluginJar : add dma
2021-09-23 02:34:13,952 [INFO] IPUIPlugin:74 - create IPUIPlugin
2021-09-23 02:34:13,952 [INFO] PluginManager:213 - loadIPPluginJar : add dma3
2021-09-23 02:34:13,967 [INFO] IPUIPlugin:74 - create IPUIPlugin
2021-09-23 02:34:13,967 [INFO] PluginManager:213 - loadIPPluginJar : add fatfs
2021-09-23 02:34:14,002 [INFO] IPUIPlugin:74 - create IPUIPlugin
2021-09-23 02:34:14,002 [INFO] PluginManager:213 - loadIPPluginJar : add fmc
2021-09-23 02:34:14,012 [INFO] IPUIPlugin:74 - create IPUIPlugin
2021-09-23 02:34:14,012 [INFO] PluginManager:213 - loadIPPluginJar : add freertos
2021-09-23 02:34:14,028 [INFO] IPUIPlugin:74 - create IPUIPlugin
2021-09-23 02:34:14,028 [INFO] PluginManager:213 - loadIPPluginJar : add genericplugin
2021-09-23 02:34:14,080 [INFO] IPUIPlugin:74 - create IPUIPlugin
2021-09-23 02:34:14,080 [INFO] PluginManager:213 - loadIPPluginJar : add gfxmmu
2021-09-23 02:34:14,154 [INFO] IPUIPlugin:74 - create IPUIPlugin
2021-09-23 02:34:14,154 [INFO] PluginManager:213 - loadIPPluginJar : add gic
2021-09-23 02:34:14,162 [INFO] IPUIPlugin:74 - create IPUIPlugin
2021-09-23 02:34:14,163 [INFO] PluginManager:213 - loadIPPluginJar : add gpio
2021-09-23 02:34:14,209 [INFO] IPUIPlugin:74 - create IPUIPlugin
2021-09-23 02:34:14,209 [INFO] PluginManager:213 - loadIPPluginJar : add gtzc
2021-09-23 02:34:14,229 [INFO] IPUIPlugin:74 - create IPUIPlugin
2021-09-23 02:34:14,229 [INFO] PluginManager:213 - loadIPPluginJar : add hash
2021-09-23 02:34:14,264 [INFO] IPUIPlugin:74 - create IPUIPlugin
2021-09-23 02:34:14,264 [INFO] PluginManager:213 - loadIPPluginJar : add i2c
2021-09-23 02:34:14,306 [INFO] IPUIPlugin:74 - create IPUIPlugin
2021-09-23 02:34:14,307 [INFO] PluginManager:213 - loadIPPluginJar : add i2s
2021-09-23 02:34:14,315 [INFO] IPUIPlugin:74 - create IPUIPlugin
2021-09-23 02:34:14,315 [INFO] PluginManager:213 - loadIPPluginJar : add ipddr
2021-09-23 02:34:14,372 [INFO] IPUIPlugin:74 - create IPUIPlugin
2021-09-23 02:34:14,372 [INFO] PluginManager:213 - loadIPPluginJar : add linkedlist
2021-09-23 02:34:14,396 [INFO] IPUIPlugin:74 - create IPUIPlugin
2021-09-23 02:34:14,396 [INFO] PluginManager:213 - loadIPPluginJar : add lorawan
2021-09-23 02:34:14,420 [INFO] IPUIPlugin:74 - create IPUIPlugin
2021-09-23 02:34:14,420 [INFO] PluginManager:213 - loadIPPluginJar : add ltdc
2021-09-23 02:34:14,429 [INFO] IPUIPlugin:74 - create IPUIPlugin
2021-09-23 02:34:14,429 [INFO] PluginManager:213 - loadIPPluginJar : add mdma
2021-09-23 02:34:14,436 [INFO] IPUIPlugin:74 - create IPUIPlugin
2021-09-23 02:34:14,436 [INFO] PluginManager:213 - loadIPPluginJar : add nvic
2021-09-23 02:34:14,461 [INFO] IPUIPlugin:74 - create IPUIPlugin
2021-09-23 02:34:14,462 [INFO] PluginManager:213 - loadIPPluginJar : add opamp
2021-09-23 02:34:14,500 [INFO] IPUIPlugin:74 - create IPUIPlugin
2021-09-23 02:34:14,501 [INFO] PluginManager:213 - loadIPPluginJar : add openamp
2021-09-23 02:34:14,527 [INFO] IPUIPlugin:74 - create IPUIPlugin
2021-09-23 02:34:14,528 [INFO] PluginManager:213 - loadIPPluginJar : add pdm2pcm
2021-09-23 02:34:14,537 [INFO] IPUIPlugin:74 - create IPUIPlugin
2021-09-23 02:34:14,540 [INFO] PluginManager:213 - loadIPPluginJar : add plateformsettings
2021-09-23 02:34:14,556 [INFO] IPUIPlugin:74 - create IPUIPlugin
2021-09-23 02:34:14,557 [INFO] PluginManager:213 - loadIPPluginJar : add quadspi
2021-09-23 02:34:14,564 [INFO] IPUIPlugin:74 - create IPUIPlugin
2021-09-23 02:34:14,564 [INFO] PluginManager:213 - loadIPPluginJar : add resmgrutility
2021-09-23 02:34:14,601 [INFO] IPUIPlugin:74 - create IPUIPlugin
2021-09-23 02:34:14,601 [INFO] PluginManager:213 - loadIPPluginJar : add sai
2021-09-23 02:34:14,626 [INFO] IPUIPlugin:74 - create IPUIPlugin
2021-09-23 02:34:14,626 [INFO] PluginManager:213 - loadIPPluginJar : add spi
2021-09-23 02:34:14,661 [INFO] IPUIPlugin:74 - create IPUIPlugin
2021-09-23 02:34:14,662 [INFO] PluginManager:213 - loadIPPluginJar : add stm32_wpan
2021-09-23 02:34:14,679 [INFO] IPUIPlugin:74 - create IPUIPlugin
2021-09-23 02:34:14,679 [INFO] PluginManager:213 - loadIPPluginJar : add tim
2021-09-23 02:34:14,721 [INFO] IPUIPlugin:74 - create IPUIPlugin
2021-09-23 02:34:14,721 [INFO] PluginManager:213 - loadIPPluginJar : add touchsensing
2021-09-23 02:34:14,738 [INFO] IPUIPlugin:74 - create IPUIPlugin
2021-09-23 02:34:14,739 [INFO] PluginManager:213 - loadIPPluginJar : add tracer_emb
2021-09-23 02:34:14,757 [INFO] IPUIPlugin:74 - create IPUIPlugin
2021-09-23 02:34:14,757 [INFO] PluginManager:213 - loadIPPluginJar : add ts
2021-09-23 02:34:14,775 [INFO] IPUIPlugin:74 - create IPUIPlugin
2021-09-23 02:34:14,775 [INFO] PluginManager:213 - loadIPPluginJar : add tsc
2021-09-23 02:34:14,791 [INFO] IPUIPlugin:74 - create IPUIPlugin
2021-09-23 02:34:14,792 [INFO] PluginManager:213 - loadIPPluginJar : add ucpd
2021-09-23 02:34:14,822 [INFO] IPUIPlugin:74 - create IPUIPlugin
2021-09-23 02:34:14,822 [INFO] PluginManager:213 - loadIPPluginJar : add usart
2021-09-23 02:34:14,847 [INFO] IPUIPlugin:74 - create IPUIPlugin
2021-09-23 02:34:14,847 [INFO] PluginManager:213 - loadIPPluginJar : add usbx
2021-09-23 02:34:15,094 [FATAL] Updater:294 - Updater called before beeing initialized
2021-09-23 02:34:15,187 [FATAL] Updater:294 - Updater called before beeing initialized
2021-09-23 02:34:15,194 [INFO] DbMcusAds:47 - JSON generation date=Wed Aug 18 11:13:17 BRT 2021 (1629295997381)
2021-09-23 02:34:15,194 [FATAL] Updater:294 - Updater called before beeing initialized
2021-09-23 02:34:15,261 [WARN] DetailPanel:314 - Failed to get advertising image, set to default
2021-09-23 02:34:15,346 [FATAL] Updater:294 - Updater called before beeing initialized
2021-09-23 02:34:15,348 [FATAL] Updater:294 - Updater called before beeing initialized
2021-09-23 02:34:15,348 [FATAL] Updater:294 - Updater called before beeing initialized
2021-09-23 02:34:15,348 [WARN] DetailPanel:314 - Failed to get advertising image, set to default
2021-09-23 02:34:15,349 [FATAL] Updater:294 - Updater called before beeing initialized
2021-09-23 02:34:15,397 [ERROR] Updater:1075 - MainUpdater not yet initialized. External WinMGr cannot be set.
2021-09-23 02:34:15,404 [INFO] Updater:1012 - Updater Version found : 6.3.0
2021-09-23 02:34:15,418 [INFO] ApplicationProperties:181 - Using Application install path: C:\ST\STM32CubeIDE_1.7.0\STM32CubeIDE\plugins\com.st.stm32cube.common.mx_6.3.0.202107141111
2021-09-23 02:34:15,575 [INFO] MainUpdater:2671 - connection check result : 10
2021-09-23 02:34:15,576 [INFO] MainUpdater:265 - Updater Check For Update Now.
2021-09-23 02:34:15,576 [INFO] MicroXplorer:478 - Change Database Version : DB.6.0.30
2021-09-23 02:34:15,723 [INFO] CheckServerUpdateThread:112 - End of CheckServer Thread
2021-09-23 02:34:15,815 [INFO] MainUpdater:2671 - connection check result : 10
2021-09-23 02:34:15,830 [INFO] McuFinderGlobals:52 - Set McuFinderConnectedMode to true
2021-09-23 02:34:16,002 [INFO] ServerAccessManage:362 - Download File mcusAds.json._tmp_
2021-09-23 02:34:16,117 [INFO] LoadUrlFilesThread:145 - End of LoadUrlFiles Thread
2021-09-23 02:34:16,421 [WARN] MainUpdater:1122 - Updater busy. Cannot search thirdparties
2021-09-23 02:34:16,421 [INFO] ThirdPartyUpdaterWithRetryManager:92 - Updater plugin is busy. [1/15]
2021-09-23 02:34:16,892 [INFO] ServerAccessManage:362 - Download File mcusDocs.json._tmp_
2021-09-23 02:34:17,642 [INFO] LoadUrlFilesThread:145 - End of LoadUrlFiles Thread
2021-09-23 02:34:17,853 [INFO] ServerAccessManage:362 - Download File mcusFeaturesAndDescription.json._tmp_
2021-09-23 02:34:19,027 [INFO] LoadUrlFilesThread:145 - End of LoadUrlFiles Thread
2021-09-23 02:34:19,245 [INFO] ServerAccessManage:362 - Download File boardsDocs.json._tmp_
2021-09-23 02:34:19,429 [WARN] MainUpdater:1122 - Updater busy. Cannot search thirdparties
2021-09-23 02:34:19,429 [INFO] ThirdPartyUpdaterWithRetryManager:92 - Updater plugin is busy. [2/15]
2021-09-23 02:34:19,529 [INFO] LoadUrlFilesThread:145 - End of LoadUrlFiles Thread
2021-09-23 02:34:19,742 [INFO] ServerAccessManage:362 - Download File boards.json._tmp_
2021-09-23 02:34:20,073 [INFO] LoadUrlFilesThread:145 - End of LoadUrlFiles Thread
2021-09-23 02:34:20,795 [INFO] ServerAccessManage:362 - Download File cube-finder-db.zip
2021-09-23 02:34:22,435 [WARN] MainUpdater:1122 - Updater busy. Cannot search thirdparties
2021-09-23 02:34:22,435 [INFO] ThirdPartyUpdaterWithRetryManager:92 - Updater plugin is busy. [3/15]
2021-09-23 02:34:22,969 [INFO] FileExtend:235 - Unzip File : cube-finder-db.zip
2021-09-23 02:34:22,969 [INFO] FileExtend:250 - Standard Zip Deflate
2021-09-23 02:34:23,438 [INFO] LoadUrlFilesThread:145 - End of LoadUrlFiles Thread
2021-09-23 02:34:24,655 [INFO] ServerAccessManage:362 - Download File crdb.zip
2021-09-23 02:34:25,442 [WARN] MainUpdater:1122 - Updater busy. Cannot search thirdparties
2021-09-23 02:34:25,442 [INFO] ThirdPartyUpdaterWithRetryManager:92 - Updater plugin is busy. [4/15]
2021-09-23 02:34:26,186 [INFO] FileExtend:235 - Unzip File : crdb.zip
2021-09-23 02:34:26,187 [INFO] FileExtend:250 - Standard Zip Deflate
2021-09-23 02:34:26,313 [INFO] LoadUrlFilesThread:145 - End of LoadUrlFiles Thread
2021-09-23 02:34:27,823 [INFO] ServerAccessManage:362 - Download File tutoVideoDB.zip
2021-09-23 02:34:27,839 [INFO] FileExtend:235 - Unzip File : tutoVideoDB.zip
2021-09-23 02:34:27,839 [INFO] FileExtend:250 - Standard Zip Deflate
2021-09-23 02:34:27,966 [INFO] LoadUrlFilesThread:145 - End of LoadUrlFiles Thread
2021-09-23 02:34:27,967 [INFO] DbMcusAds:47 - JSON generation date=Wed Aug 18 11:24:26 BRT 2021 (1629296666117)
2021-09-23 02:34:27,981 [INFO] DbMcusDocs:143 - JSON generation date=Mon Jun 07 05:53:21 BRT 2021 (1623056001)
2021-09-23 02:34:27,983 [INFO] DbMcusXml:100 - Load MCU database from C:\ST\STM32CubeIDE_1.7.0\STM32CubeIDE\plugins\com.st.stm32cube.common.mx_6.3.0.202107141111\\db\/mcu/families.xml
2021-09-23 02:34:28,555 [WARN] PackLoader:238 - Cannot read IP mode file for RoweBots.I-CUBE-UNISONRTOS.5.5.0-4
2021-09-23 02:34:28,571 [WARN] PackLoader:238 - Cannot read IP mode file for STMicroelectronics.X-CUBE-SFXS2LP1.3.0.0
2021-09-23 02:34:28,580 [WARN] ConditionMgr:437 - getConditionDescription Invalid condition id : SIGFOX STM32 LIB Condition cause : null
2021-09-23 02:34:28,581 [WARN] ConditionMgr:437 - getConditionDescription Invalid condition id : Sigfox Third Party LIB Condition cause : null
2021-09-23 02:34:28,582 [WARN] PackLoader:238 - Cannot read IP mode file for STMicroelectronics.X-CUBE-SFXS2LP1.2.0.0
2021-09-23 02:34:28,582 [WARN] ConditionMgr:1038 - genDependencies : Invalid condition id : SIGFOX STM32 LIB Condition cause : null
2021-09-23 02:34:28,582 [WARN] ConditionMgr:1038 - genDependencies : Invalid condition id : Sigfox Third Party LIB Condition cause : null
2021-09-23 02:34:28,583 [WARN] ConditionMgr:1038 - genDependencies : Invalid condition id : Sigfox Third Party LIB Condition cause : null
2021-09-23 02:34:28,583 [WARN] ConditionMgr:1038 - genDependencies : Invalid condition id : SIGFOX STM32 LIB Condition cause : null
2021-09-23 02:34:28,583 [WARN] ConditionMgr:1038 - genDependencies : Invalid condition id : SIGFOX STM32 LIB Condition cause : null
2021-09-23 02:34:28,583 [WARN] ConditionMgr:1038 - genDependencies : Invalid condition id : Sigfox Third Party LIB Condition cause : null
2021-09-23 02:34:28,617 [WARN] PackLoader:238 - Cannot read IP mode file for STMicroelectronics.X-CUBE-SUBG2.4.1.0
2021-09-23 02:34:28,684 [WARN] PackLoader:238 - Cannot read IP mode file for STMicroelectronics.X-CUBE-MEMS1.9.0.0
2021-09-23 02:34:28,725 [INFO] DbMcusJson:93 - JSON generation date=Mon Jun 07 05:53:21 BRT 2021 (1623056001)
2021-09-23 02:34:28,926 [WARN] PackLoader:238 - Cannot read IP mode file for STMicroelectronics.X-CUBE-AZRTOS-H7.1.1.0
2021-09-23 02:34:28,968 [WARN] PackLoader:238 - Cannot read IP mode file for STMicroelectronics.X-CUBE-MEMS1.8.2.0
2021-09-23 02:34:29,117 [WARN] PackLoader:238 - Cannot read IP mode file for STMicroelectronics.X-CUBE-EEPRMA1.3.0.0
2021-09-23 02:34:29,127 [WARN] PackLoader:238 - Cannot read IP mode file for STMicroelectronics.X-CUBE-ALGOBUILD.1.1.0
2021-09-23 02:34:29,178 [WARN] PackLoader:238 - Cannot read IP mode file for SEGGER.I-CUBE-embOS.1.2.0
2021-09-23 02:34:29,219 [WARN] PackLoader:238 - Cannot read IP mode file for STMicroelectronics.X-CUBE-GNSS1.5.1.0
2021-09-23 02:34:29,231 [WARN] PackLoader:238 - Cannot read IP mode file for STMicroelectronics.X-CUBE-BLE1.6.2.0
2021-09-23 02:34:29,240 [WARN] PackLoader:238 - Cannot read IP mode file for STMicroelectronics.X-CUBE-BLE1.6.2.1
2021-09-23 02:34:29,249 [WARN] PackLoader:238 - Cannot read IP mode file for STMicroelectronics.X-CUBE-BLE2.3.2.1
2021-09-23 02:34:29,259 [WARN] PackLoader:238 - Cannot read IP mode file for STMicroelectronics.X-CUBE-TOUCHGFX.4.15.0
2021-09-23 02:34:29,275 [WARN] PackLoader:238 - Cannot read IP mode file for STMicroelectronics.X-CUBE-NFC4.2.0.3
2021-09-23 02:34:29,289 [WARN] PackLoader:238 - Cannot read IP mode file for STMicroelectronics.X-CUBE-NFC4.2.0.2
2021-09-23 02:34:29,299 [WARN] PackLoader:238 - Cannot read IP mode file for STMicroelectronics.X-CUBE-TOUCHGFX.4.17.0
2021-09-23 02:34:29,308 [WARN] PackLoader:238 - Cannot read IP mode file for STMicroelectronics.X-CUBE-NFC4.2.0.1
2021-09-23 02:34:29,318 [WARN] PackLoader:238 - Cannot read IP mode file for STMicroelectronics.X-CUBE-BLE2.3.2.0
2021-09-23 02:34:29,329 [WARN] PackLoader:238 - Cannot read IP mode file for STMicroelectronics.X-CUBE-SFXS2LP1.3.1.0
2021-09-23 02:34:29,354 [WARN] PackLoader:238 - Cannot read IP mode file for STMicroelectronics.X-CUBE-AZRTOS-F4.1.0.0
2021-09-23 02:34:29,378 [WARN] PackLoader:238 - Cannot read IP mode file for STMicroelectronics.X-CUBE-AZRTOS-H7.2.0.0
2021-09-23 02:34:29,385 [INFO] DbMcus:175 - Found 1951 MCUs (1903 are supported by CubeMX, 1903 are visible in CubeMX)
2021-09-23 02:34:29,386 [INFO] ApiDb:251 - Load user favorites file C:\Users\Nelson Lima/.stm32cubeide/favorites.mcus.txt: 0 item(s)
2021-09-23 02:34:29,386 [INFO] ApiDb:255 - User favorites MCUs=[]
2021-09-23 02:34:29,386 [INFO] DbMcus:187 - Set 0 / 0 favorites MCUs
2021-09-23 02:34:29,403 [WARN] PackLoader:238 - Cannot read IP mode file for STMicroelectronics.X-CUBE-SUBG2.3.0.1
2021-09-23 02:34:29,434 [WARN] PackLoader:238 - Cannot read IP mode file for STMicroelectronics.X-CUBE-SUBG2.3.0.0
2021-09-23 02:34:29,447 [WARN] PackLoader:238 - Cannot read IP mode file for STMicroelectronics.X-CUBE-TOF1.2.0.0
2021-09-23 02:34:29,459 [WARN] PackLoader:238 - Cannot read IP mode file for STMicroelectronics.X-CUBE-SUBG2.4.0.0
2021-09-23 02:34:29,486 [WARN] PackLoader:238 - Cannot read IP mode file for STMicroelectronics.X-CUBE-SUBG2.4.2.0
2021-09-23 02:34:29,497 [WARN] PackLoader:238 - Cannot read IP mode file for STMicroelectronics.X-CUBE-TOF1.1.0.0
2021-09-23 02:34:29,521 [WARN] PackLoader:238 - Cannot read IP mode file for STMicroelectronics.X-CUBE-AZRTOS-H7.1.0.0
2021-09-23 02:34:29,532 [WARN] PackLoader:238 - Cannot read IP mode file for STMicroelectronics.X-CUBE-ALS.1.0.1
2021-09-23 02:34:29,539 [WARN] PackLoader:238 - Cannot read IP mode file for STMicroelectronics.X-CUBE-AI.7.0.0
2021-09-23 02:34:29,548 [WARN] PackLoader:238 - Cannot read IP mode file for STMicroelectronics.X-CUBE-ALGOBUILD.1.2.1
2021-09-23 02:34:29,584 [WARN] PackLoader:238 - Cannot read IP mode file for STMicroelectronics.X-CUBE-MEMS1.8.3.0
2021-09-23 02:34:29,705 [WARN] PackLoader:238 - Cannot read IP mode file for STMicroelectronics.X-CUBE-DISPLAY.1.0.0
2021-09-23 02:34:29,713 [WARN] PackLoader:238 - Cannot read IP mode file for STMicroelectronics.X-CUBE-AI.6.0.0
2021-09-23 02:34:29,722 [WARN] PackLoader:238 - Cannot read IP mode file for STMicroelectronics.X-CUBE-EEPRMA1.3.1.0
2021-09-23 02:34:29,737 [WARN] PackLoader:238 - Cannot read IP mode file for STMicroelectronics.X-CUBE-ALGOBUILD.1.2.0
2021-09-23 02:34:29,746 [WARN] PackLoader:238 - Cannot read IP mode file for STMicroelectronics.X-CUBE-GNSS1.5.2.0
2021-09-23 02:34:29,764 [WARN] PackLoader:238 - Cannot read IP mode file for STMicroelectronics.X-CUBE-BLE1.6.1.0
2021-09-23 02:34:29,773 [WARN] PackLoader:238 - Cannot read IP mode file for wolfSSL.I-CUBE-wolfSSL.4.7.0
2021-09-23 02:34:29,780 [WARN] PackLoader:238 - Cannot read IP mode file for STMicroelectronics.X-CUBE-TOUCHGFX.4.16.1
2021-09-23 02:34:29,788 [WARN] PackLoader:238 - Cannot read IP mode file for STMicroelectronics.X-CUBE-AI.5.2.0
2021-09-23 02:34:29,796 [WARN] PackLoader:238 - Cannot read IP mode file for STMicroelectronics.X-CUBE-TOUCHGFX.4.16.0
2021-09-23 02:34:29,803 [WARN] PackLoader:238 - Cannot read IP mode file for STMicroelectronics.X-CUBE-BLE2.3.1.0
2021-09-23 02:34:29,804 [INFO] ThirdParty:915 - Integrity check success = true
2021-09-23 02:34:29,804 [INFO] IntegrityCheckThread:94 - exiting critical section [integrity check]
2021-09-23 02:34:29,804 [INFO] IntegrityCheckThread:97 - End integrity checks thread
2021-09-23 02:34:29,881 [INFO] DbMcusDocs:79 - Found 669 MCUs documents
2021-09-23 02:34:29,882 [INFO] ApiDb:276 - Save user favorites file C:\Users\Nelson Lima/.stm32cubeide/favorites.mcus.txt: 0 item(s)
2021-09-23 02:34:29,882 [INFO] ApiDb:280 - User favorites MCUs=[]
2021-09-23 02:34:29,883 [INFO] DbMcusXml:100 - Load MCU database from C:\ST\STM32CubeIDE_1.7.0\STM32CubeIDE\plugins\com.st.stm32cube.common.mx_6.3.0.202107141111\\db\/mcu/families.xml
2021-09-23 02:34:30,564 [INFO] DbMcusJson:93 - JSON generation date=Mon Jun 07 05:53:21 BRT 2021 (1623056001)
2021-09-23 02:34:31,099 [INFO] DbMcus:175 - Found 1951 MCUs (1903 are supported by CubeMX, 1903 are visible in CubeMX)
2021-09-23 02:34:31,099 [INFO] ApiDb:251 - Load user favorites file C:\Users\Nelson Lima/.stm32cubeide/favorites.mcus.txt: 0 item(s)
2021-09-23 02:34:31,099 [INFO] ApiDb:255 - User favorites MCUs=[]
2021-09-23 02:34:31,099 [INFO] DbMcus:187 - Set 0 / 0 favorites MCUs
2021-09-23 02:34:31,111 [INFO] DbBoardsDocs:143 - JSON generation date=Tue Jun 01 02:52:40 BRT 2021 (1622526760)
2021-09-23 02:34:31,125 [INFO] DbBoardsPdsc:90 - Found 25 items
2021-09-23 02:34:31,133 [INFO] DbBoardsPdsc:90 - Found 9 items
2021-09-23 02:34:31,140 [INFO] DbBoardsPdsc:90 - Found 33 items
2021-09-23 02:34:31,147 [INFO] DbBoardsPdsc:90 - Found 1 items
2021-09-23 02:34:31,159 [INFO] DbBoardsPdsc:90 - Found 48 items
2021-09-23 02:34:31,172 [INFO] DbBoardsPdsc:90 - Found 43 items
2021-09-23 02:34:31,179 [INFO] DbBoardsPdsc:90 - Found 2 items
2021-09-23 02:34:31,186 [INFO] DbBoardsPdsc:90 - Found 5 items
2021-09-23 02:34:31,190 [WARN] DbBoardsPdsc:254 - Board STM32H7B3I-DK: unknown feature type=Audio, name=, username=Audio stereo codec with Headphone Amp (CS42L51-CNZ), n=1
2021-09-23 02:34:31,190 [WARN] DbBoardsPdsc:254 - Board STM32H735G-DK: unknown feature type=Audio, name=, username=Audio stereo codec with Headphone Amp (WM8994ECS/R), n=1
2021-09-23 02:34:31,191 [WARN] DbBoardsPdsc:254 - Board STM32H7B3I-EVAL: unknown feature type=Audio, name=, username=Multi-Channel Audio Codec (CS42L51-CNZ), n=1
2021-09-23 02:34:31,191 [WARN] DbBoardsPdsc:254 - Board STM32H7B3I-EVAL: unknown feature type=Meter, name=, username=Power-metering and Temperature-monitoring with sigma-delta modulators, n=1
2021-09-23 02:34:31,191 [WARN] DbBoardsPdsc:254 - Board STM32H7B3I-EVAL: unknown feature type=Motor, name=, username=Motor Control, n=1
2021-09-23 02:34:31,192 [WARN] DbBoardsPdsc:254 - Board STM32U575I-EV: unknown feature type=joystick, name=, username=4-direction joystick with selection button, n=1
2021-09-23 02:34:31,205 [INFO] DbBoardsJson:86 - JSON generation date=Tue Jun 01 02:52:40 BRT 2021 (1622526760)
2021-09-23 02:34:31,209 [INFO] DbBoards:117 - Found 166 boards (163 are supported by CubeMX)
2021-09-23 02:34:31,218 [INFO] DbBoardsDocs:143 - JSON generation date=Tue Jun 01 02:52:40 BRT 2021 (1622526760)
2021-09-23 02:34:31,236 [INFO] DbBoardsDocs:79 - Found 193 boards documents
2021-09-23 02:34:31,238 [WARN] DbBoards:127 - board B-L462E-CELL1 has no document id list !
2021-09-23 02:34:31,238 [WARN] DbBoards:127 - board B-L475E-IOT01A2 has no document id list !
2021-09-23 02:34:31,238 [WARN] DbBoards:127 - board B-U585I-IOT02A has no document id list !
2021-09-23 02:34:31,238 [WARN] DbBoards:127 - board NUCLEO-G0B1RE has no document id list !
2021-09-23 02:34:31,238 [WARN] DbBoards:127 - board NUCLEO-H743ZI has no document id list !
2021-09-23 02:34:31,239 [WARN] DbBoards:127 - board NUCLEO-L4A6ZG has no document id list !
2021-09-23 02:34:31,239 [WARN] DbBoards:127 - board NUCLEO-U575ZI-Q has no document id list !
2021-09-23 02:34:31,239 [WARN] DbBoards:127 - board NUCLEO-WB15CC has no document id list !
2021-09-23 02:34:31,239 [WARN] DbBoards:127 - board NUCLEO-WB55RG has no document id list !
2021-09-23 02:34:31,239 [WARN] DbBoards:127 - board NUCLEO-WL55JC2 has no document id list !
2021-09-23 02:34:31,239 [WARN] DbBoards:127 - board P-NUCLEO-WB55-Nucleo has no document id list !
2021-09-23 02:34:31,239 [WARN] DbBoards:127 - board P-NUCLEO-WB55-USBDongle has no document id list !
2021-09-23 02:34:31,239 [WARN] DbBoards:127 - board STEVAL-BFA001V1B has no document id list !
2021-09-23 02:34:31,239 [WARN] DbBoards:127 - board STEVAL-BFA001V2B has no document id list !
2021-09-23 02:34:31,239 [WARN] DbBoards:127 - board STEVAL-IDP005V1 has no document id list !
2021-09-23 02:34:31,239 [WARN] DbBoards:127 - board STEVAL-IDP005V2 has no document id list !
2021-09-23 02:34:31,240 [WARN] DbBoards:127 - board STEVAL-MKSBOX1V1 has no document id list !
2021-09-23 02:34:31,240 [WARN] DbBoards:127 - board STEVAL-STWINKT1 has no document id list !
2021-09-23 02:34:31,240 [WARN] DbBoards:127 - board STEVAL-STWINKT1B has no document id list !
2021-09-23 02:34:31,240 [WARN] DbBoards:127 - board STM32F401C-DISCO has no document id list !
2021-09-23 02:34:31,240 [WARN] DbBoards:127 - board STM32F769I-DISC1 has no document id list !
2021-09-23 02:34:31,240 [WARN] DbBoards:127 - board STM32G0C1E-EV has no document id list !
2021-09-23 02:34:31,240 [WARN] DbBoards:127 - board STM32G474E-EVAL1 has no document id list !
2021-09-23 02:34:31,241 [WARN] DbBoards:127 - board STM32H743I-EVAL2 has no document id list !
2021-09-23 02:34:31,241 [WARN] DbBoards:127 - board STM32H747I-DISC1 has no document id list !
2021-09-23 02:34:31,241 [WARN] DbBoards:127 - board STM32H753I-EVAL2 has no document id list !
2021-09-23 02:34:31,241 [WARN] DbBoards:127 - board STM32L-DISCOVERY has no document id list !
2021-09-23 02:34:31,241 [WARN] DbBoards:127 - board STM32MP157A-DK1 has no document id list !
2021-09-23 02:34:31,241 [WARN] DbBoards:127 - board STM32MP157D-DK1 has no document id list !
2021-09-23 02:34:31,241 [WARN] DbBoards:127 - board STM32MP157D-EV1 has no document id list !
2021-09-23 02:34:31,241 [WARN] DbBoards:127 - board STM32MP157F-DK2 has no document id list !
2021-09-23 02:34:31,241 [WARN] DbBoards:127 - board STM32MP157F-EV1 has no document id list !
2021-09-23 02:34:31,242 [WARN] DbBoards:127 - board STM32U575I-EV has no document id list !
2021-09-23 02:34:31,242 [WARN] DbBoards:127 - board STM32WB5MM-DK has no document id list !
2021-09-23 02:34:33,084 [INFO] ApiDb:251 - Load user favorites file C:\Users\Nelson Lima/.stm32cubeide/favorites.boards.txt: 0 item(s)
2021-09-23 02:34:33,084 [INFO] ApiDb:255 - User favorites Boards=[]
2021-09-23 02:34:33,084 [INFO] DbBoards:206 - Set 0 / 0 favorites Boards
2021-09-23 02:34:33,099 [INFO] DbBoardsDocs:79 - Found 386 boards documents
2021-09-23 02:34:33,099 [INFO] ApiDb:276 - Save user favorites file C:\Users\Nelson Lima/.stm32cubeide/favorites.boards.txt: 0 item(s)
2021-09-23 02:34:33,099 [INFO] ApiDb:280 - User favorites Boards=[]
2021-09-23 02:34:33,102 [INFO] DbBoardsPdsc:90 - Found 25 items
2021-09-23 02:34:33,103 [INFO] DbBoardsPdsc:90 - Found 9 items
2021-09-23 02:34:33,106 [INFO] DbBoardsPdsc:90 - Found 33 items
2021-09-23 02:34:33,107 [INFO] DbBoardsPdsc:90 - Found 1 items
2021-09-23 02:34:33,112 [INFO] DbBoardsPdsc:90 - Found 48 items
2021-09-23 02:34:33,116 [INFO] DbBoardsPdsc:90 - Found 43 items
2021-09-23 02:34:33,117 [INFO] DbBoardsPdsc:90 - Found 2 items
2021-09-23 02:34:33,118 [INFO] DbBoardsPdsc:90 - Found 5 items
2021-09-23 02:34:33,120 [WARN] DbBoardsPdsc:254 - Board STM32H7B3I-DK: unknown feature type=Audio, name=, username=Audio stereo codec with Headphone Amp (CS42L51-CNZ), n=1
2021-09-23 02:34:33,120 [WARN] DbBoardsPdsc:254 - Board STM32H735G-DK: unknown feature type=Audio, name=, username=Audio stereo codec with Headphone Amp (WM8994ECS/R), n=1
2021-09-23 02:34:33,121 [WARN] DbBoardsPdsc:254 - Board STM32H7B3I-EVAL: unknown feature type=Audio, name=, username=Multi-Channel Audio Codec (CS42L51-CNZ), n=1
2021-09-23 02:34:33,121 [WARN] DbBoardsPdsc:254 - Board STM32H7B3I-EVAL: unknown feature type=Meter, name=, username=Power-metering and Temperature-monitoring with sigma-delta modulators, n=1
2021-09-23 02:34:33,121 [WARN] DbBoardsPdsc:254 - Board STM32H7B3I-EVAL: unknown feature type=Motor, name=, username=Motor Control, n=1
2021-09-23 02:34:33,122 [WARN] DbBoardsPdsc:254 - Board STM32U575I-EV: unknown feature type=joystick, name=, username=4-direction joystick with selection button, n=1
2021-09-23 02:34:33,134 [INFO] DbBoardsJson:86 - JSON generation date=Tue Jun 01 02:52:40 BRT 2021 (1622526760)
2021-09-23 02:34:33,137 [INFO] DbBoards:117 - Found 166 boards (163 are supported by CubeMX)
2021-09-23 02:34:33,137 [WARN] DbBoards:127 - board B-L462E-CELL1 has no document id list !
2021-09-23 02:34:33,137 [WARN] DbBoards:127 - board B-L475E-IOT01A2 has no document id list !
2021-09-23 02:34:33,137 [WARN] DbBoards:127 - board B-U585I-IOT02A has no document id list !
2021-09-23 02:34:33,138 [WARN] DbBoards:127 - board NUCLEO-G0B1RE has no document id list !
2021-09-23 02:34:33,138 [WARN] DbBoards:127 - board NUCLEO-H743ZI has no document id list !
2021-09-23 02:34:33,138 [WARN] DbBoards:127 - board NUCLEO-L4A6ZG has no document id list !
2021-09-23 02:34:33,138 [WARN] DbBoards:127 - board NUCLEO-U575ZI-Q has no document id list !
2021-09-23 02:34:33,138 [WARN] DbBoards:127 - board NUCLEO-WB15CC has no document id list !
2021-09-23 02:34:33,138 [WARN] DbBoards:127 - board NUCLEO-WB55RG has no document id list !
2021-09-23 02:34:33,138 [WARN] DbBoards:127 - board NUCLEO-WL55JC2 has no document id list !
2021-09-23 02:34:33,138 [WARN] DbBoards:127 - board P-NUCLEO-WB55-Nucleo has no document id list !
2021-09-23 02:34:33,138 [WARN] DbBoards:127 - board P-NUCLEO-WB55-USBDongle has no document id list !
2021-09-23 02:34:33,138 [WARN] DbBoards:127 - board STEVAL-BFA001V1B has no document id list !
2021-09-23 02:34:33,138 [WARN] DbBoards:127 - board STEVAL-BFA001V2B has no document id list !
2021-09-23 02:34:33,138 [WARN] DbBoards:127 - board STEVAL-IDP005V1 has no document id list !
2021-09-23 02:34:33,138 [WARN] DbBoards:127 - board STEVAL-IDP005V2 has no document id list !
2021-09-23 02:34:33,138 [WARN] DbBoards:127 - board STEVAL-MKSBOX1V1 has no document id list !
2021-09-23 02:34:33,138 [WARN] DbBoards:127 - board STEVAL-STWINKT1 has no document id list !
2021-09-23 02:34:33,138 [WARN] DbBoards:127 - board STEVAL-STWINKT1B has no document id list !
2021-09-23 02:34:33,139 [WARN] DbBoards:127 - board STM32F401C-DISCO has no document id list !
2021-09-23 02:34:33,139 [WARN] DbBoards:127 - board STM32F769I-DISC1 has no document id list !
2021-09-23 02:34:33,139 [WARN] DbBoards:127 - board STM32G0C1E-EV has no document id list !
2021-09-23 02:34:33,139 [WARN] DbBoards:127 - board STM32G474E-EVAL1 has no document id list !
2021-09-23 02:34:33,139 [WARN] DbBoards:127 - board STM32H743I-EVAL2 has no document id list !
2021-09-23 02:34:33,139 [WARN] DbBoards:127 - board STM32H747I-DISC1 has no document id list !
2021-09-23 02:34:33,139 [WARN] DbBoards:127 - board STM32H753I-EVAL2 has no document id list !
2021-09-23 02:34:33,139 [WARN] DbBoards:127 - board STM32L-DISCOVERY has no document id list !
2021-09-23 02:34:33,139 [WARN] DbBoards:127 - board STM32MP157A-DK1 has no document id list !
2021-09-23 02:34:33,139 [WARN] DbBoards:127 - board STM32MP157D-DK1 has no document id list !
2021-09-23 02:34:33,139 [WARN] DbBoards:127 - board STM32MP157D-EV1 has no document id list !
2021-09-23 02:34:33,139 [WARN] DbBoards:127 - board STM32MP157F-DK2 has no document id list !
2021-09-23 02:34:33,139 [WARN] DbBoards:127 - board STM32MP157F-EV1 has no document id list !
2021-09-23 02:34:33,139 [WARN] DbBoards:127 - board STM32U575I-EV has no document id list !
2021-09-23 02:34:33,139 [WARN] DbBoards:127 - board STM32WB5MM-DK has no document id list !
2021-09-23 02:34:34,178 [INFO] ApiDb:251 - Load user favorites file C:\Users\Nelson Lima/.stm32cubeide/favorites.boards.txt: 0 item(s)
2021-09-23 02:34:34,178 [INFO] ApiDb:255 - User favorites Boards=[]
2021-09-23 02:34:34,178 [INFO] DbBoards:206 - Set 0 / 0 favorites Boards
2021-09-23 02:34:34,187 [INFO] LoadUrlFilesThread:172 - End of LoadServerUrlFiles without Thread
2021-09-23 02:34:34,187 [INFO] TargetSelectorAdapter:224 - Refresh data is successful
2021-09-23 02:34:34,271 [INFO] ApiDb:479 - Connected to CubeFinder SQLite database (C:\Users\Nelson Lima\.stmcufinder\plugins\mcufinder\mcu\cube-finder-db.db)
2021-09-23 02:34:34,796 [INFO] DbExamplesSqlite:411 - Ignored 49 examples not supported by CubeIDE
2021-09-23 02:34:34,796 [INFO] DbExamplesSqlite:412 - Found 5419 examples active
2021-09-23 02:34:34,796 [INFO] DbExamplesSqlite:413 - Found 0 examples obsolete
2021-09-23 02:34:34,796 [INFO] DbExamplesSqlite:414 - Found 0 examples under development
2021-09-23 02:34:34,796 [INFO] DbExamplesSqlite:415 - Found 110 examples not building
2021-09-23 02:34:34,814 [INFO] DbExamplesSqlite:108 - CubeFinder database Data Model version=2.1
2021-09-23 02:34:34,814 [INFO] DbExamplesSqlite:109 - CubeFinder database Configuration version=3.0.11
2021-09-23 02:34:34,814 [INFO] DbExamplesSqlite:110 - CubeFinder database generation date=2021-08-20 (1629453029)
2021-09-23 02:34:34,814 [INFO] DbExamplesSqlite:111 - CubeFinder database FW Pack versions=[STM32Cube_FW_F4_V1.26.2, STM32Cube_FW_F7_V1.16.1, STM32Cube_FW_G0_V1.5.0, STM32Cube_FW_G4_V1.4.0, STM32Cube_FW_H7_V1.9.0, STM32Cube_FW_L5_V1.4.0, STM32Cube_FW_U5_V1.0.0, STM32Cube_FW_WB_V1.12.1, STM32Cube_FW_WL_V1.1.0, X-CUBE-ALS_V1.0.1, X-CUBE-AZRTOS-H7_V1.1.0, X-CUBE-BLE1_V6.2.0, X-CUBE-BLE2_V3.2.1, X-CUBE-EEPRMA1_V3.1.0, X-CUBE-GNSS1_V5.2.0, X-CUBE-NFC4_V2.0.3, X-CUBE-SFXS2LP1_V3.1.0]
2021-09-23 02:34:34,815 [INFO] DbExamples:130 - Found 5480 examples
2021-09-23 02:34:35,384 [ERROR] DbExamples:206 - Found 338 examples with invalid data (board or MCU)
2021-09-23 02:34:35,384 [INFO] DbExamples:222 - Found 70 boards with related examples
2021-09-23 02:34:35,393 [INFO] DbExamples:235 - Found 59 MCUs with related examples
2021-09-23 02:34:35,410 [INFO] ApiDb:251 - Load user favorites file C:\Users\Nelson Lima/.stm32cubeide/favorites.examples.txt: 0 item(s)
2021-09-23 02:34:35,410 [INFO] ApiDb:255 - User favorites Examples=[]
2021-09-23 02:34:35,410 [INFO] DbExamples:256 - Set 0 / 0 favorites Examples
2021-09-23 02:34:35,642 [INFO] McuFinderGlobals:52 - Set McuFinderConnectedMode to false
2021-09-23 02:34:35,728 [INFO] CrossSelectorPresenter:1330 - Cross Selector saved comparison directory: C:\Users\Nelson Lima\.stmcufinder\plugins\mcufinder\mcu\cs_comparisons_mx
2021-09-23 02:34:35,736 [INFO] MultiScanPanel:197 - Auto-refresh data requested => check proxy status ongoing
2021-09-23 02:34:35,736 [INFO] MultiScanPanel:201 - Proxy status is invalid
2021-09-23 02:34:35,739 [INFO] FinderPluginLoader:87 - Searching for filters in installed packs
2021-09-23 02:34:36,113 [INFO] DetailPanel:309 - Set advertising image to C:/Users/Nelson Lima/STM32Cube/Repository/\en.prom_STM32U5_PSA-SESIP_LV3_0821.png
2021-09-23 02:34:36,364 [INFO] MultiScanPanel:735 - adjusting invalid saved split location: -0.1
2021-09-23 02:34:36,509 [INFO] MultiScanPanel:735 - adjusting invalid saved split location: -0.1
2021-09-23 02:34:36,602 [INFO] MultiScanPanel:735 - adjusting invalid saved split location: -0.1
2021-09-23 02:37:09,183 [INFO] MainUpdater:2671 - connection check result : 10
2021-09-23 02:37:09,183 [INFO] MainUpdater:2671 - connection check result : 10
2021-09-23 02:37:09,230 [INFO] MicroXplorer:448 - Change Database Path : 
2021-09-23 02:37:09,231 [INFO] MicroXplorer:478 - Change Database Version : DB.6.0.30
2021-09-23 02:37:09,231 [WARN] ThirdParty:813 - waiting for thirdparty lock release [close project]
2021-09-23 02:37:09,231 [INFO] ThirdParty:815 - entering critical section [close project]
2021-09-23 02:37:09,232 [INFO] ThirdParty:825 - exiting critical section [close project]
2021-09-23 02:37:09,237 [INFO] PinOutPanel:1463 - setPackage(No Configuration,No Configuration)
2021-09-23 02:37:09,239 [INFO] UtilMem:74 - Begin LoadConfig() Used Memory: 321949360 Bytes (742391808)
2021-09-23 02:37:09,240 [INFO] MicroXplorer:448 - Change Database Path : 
2021-09-23 02:37:09,240 [INFO] MicroXplorer:478 - Change Database Version : DB.6.0.30
2021-09-23 02:37:09,240 [INFO] OpenFileManager:313 - Change cursor
2021-09-23 02:37:10,038 [INFO] Context:592 - Trying to add GPIOservice into a context  which must be forbidden
2021-09-23 02:37:10,199 [INFO] ImportTextPane:167 - (OptionalMessage_ERROR) Unable to find key (Mcu.ThirdPartyNb) in loaded IOC file
2021-09-23 02:37:10,200 [INFO] ImportTextPane:167 - (OptionalMessage_ERROR) Unable to find key (Mcu.PinsNb) in loaded IOC file
2021-09-23 02:37:10,200 [INFO] ImportTextPane:167 - (OptionalMessage_ERROR) Unable to find key (Mcu.IPNb) in loaded IOC file
2021-09-23 02:37:10,247 [WARN] ApiManager:304 - Cannot register API 'Board Extension:S2868A1' from pack STMicroelectronics.X-CUBE-SFXS2LP1.3.0.0: no header file found
2021-09-23 02:37:10,247 [WARN] ApiManager:304 - Cannot register API 'Board Extension:S2868A2' from pack STMicroelectronics.X-CUBE-SFXS2LP1.3.0.0: no header file found
2021-09-23 02:37:10,247 [WARN] ApiManager:304 - Cannot register API 'Board Extension:S2915A1' from pack STMicroelectronics.X-CUBE-SFXS2LP1.3.0.0: no header file found
2021-09-23 02:37:10,248 [WARN] ApiManager:304 - Cannot register API 'Board Extension:S2868A1' from pack STMicroelectronics.X-CUBE-SFXS2LP1.2.0.0: no header file found
2021-09-23 02:37:10,248 [WARN] ApiManager:304 - Cannot register API 'Board Extension:S2868A2' from pack STMicroelectronics.X-CUBE-SFXS2LP1.2.0.0: no header file found
2021-09-23 02:37:10,249 [WARN] ApiManager:304 - Cannot register API 'Board Extension:S2915A1' from pack STMicroelectronics.X-CUBE-SFXS2LP1.2.0.0: no header file found
2021-09-23 02:37:10,253 [WARN] ApiManager:304 - Cannot register API 'Board Extension:S2868A1' from pack STMicroelectronics.X-CUBE-SUBG2.4.1.0: no header file found
2021-09-23 02:37:10,253 [WARN] ApiManager:304 - Cannot register API 'Board Extension:S2868A2' from pack STMicroelectronics.X-CUBE-SUBG2.4.1.0: no header file found
2021-09-23 02:37:10,254 [WARN] ApiManager:304 - Cannot register API 'Board Extension:S2915A1' from pack STMicroelectronics.X-CUBE-SUBG2.4.1.0: no header file found
2021-09-23 02:37:10,410 [WARN] ApiManager:304 - Cannot register API 'Board Extension:IKS01A3' from pack STMicroelectronics.X-CUBE-MEMS1.9.0.0: no header file found
2021-09-23 02:37:10,410 [WARN] ApiManager:304 - Cannot register API 'Board Extension:IKS01A2' from pack STMicroelectronics.X-CUBE-MEMS1.9.0.0: no header file found
2021-09-23 02:37:10,410 [WARN] ApiManager:304 - Cannot register API 'Board Extension:IKS02A1' from pack STMicroelectronics.X-CUBE-MEMS1.9.0.0: no header file found
2021-09-23 02:37:10,527 [WARN] ApiManager:304 - Cannot register API 'Board Extension:IKS01A3' from pack STMicroelectronics.X-CUBE-MEMS1.8.2.0: no header file found
2021-09-23 02:37:10,527 [WARN] ApiManager:304 - Cannot register API 'Board Extension:IKS01A2' from pack STMicroelectronics.X-CUBE-MEMS1.8.2.0: no header file found
2021-09-23 02:37:10,527 [WARN] ApiManager:304 - Cannot register API 'Board Extension:IKS02A1' from pack STMicroelectronics.X-CUBE-MEMS1.8.2.0: no header file found
2021-09-23 02:37:10,531 [WARN] ApiManager:304 - Cannot register API 'Board Extension:EEPRMA1' from pack STMicroelectronics.X-CUBE-EEPRMA1.3.0.0: no header file found
2021-09-23 02:37:10,531 [WARN] ApiManager:304 - Cannot register API 'Board Extension:EEPRMA2' from pack STMicroelectronics.X-CUBE-EEPRMA1.3.0.0: no header file found
2021-09-23 02:37:10,532 [INFO] RtosManager:484 - Registered RTOS mode: class=CMSIS, group=RTOS, mode=CMSIS_V1, owner=FREERTOS
2021-09-23 02:37:10,532 [INFO] RtosManager:484 - Registered RTOS mode: class=CMSIS, group=RTOS2, mode=CMSIS_V2, owner=FREERTOS
2021-09-23 02:37:10,532 [INFO] RtosManager:484 - Registered RTOS mode: class=RTOS, group=Core, mode=CMSIS_V1, owner=FREERTOS
2021-09-23 02:37:10,532 [INFO] RtosManager:484 - Registered RTOS mode: class=RTOS, group=Core, mode=CMSIS_V2, owner=FREERTOS
2021-09-23 02:37:10,532 [WARN] ModelIntegratedComponent:181 - Missing modes for component STMicroelectronics:FreeRTOS:0.0.1:STMicroelectronics:RTOS:FreeRTOS:Core:::10.2.0:
2021-09-23 02:37:10,535 [WARN] ApiManager:304 - Cannot register API 'Board Extension:GNSS1A1' from pack STMicroelectronics.X-CUBE-GNSS1.5.1.0: no header file found
2021-09-23 02:37:10,535 [WARN] ApiManager:304 - Cannot register API 'Board Support:Custom' from pack STMicroelectronics.X-CUBE-GNSS1.5.1.0: no header file found
2021-09-23 02:37:10,535 [WARN] ApiManager:304 - Cannot register API 'Data Exchange:lib_gnss' from pack STMicroelectronics.X-CUBE-GNSS1.5.1.0: no header file found
2021-09-23 02:37:10,536 [WARN] ApiManager:304 - Cannot register API 'Wireless:BlueNRG-MS' from pack STMicroelectronics.X-CUBE-BLE1.6.2.0: no header file found
2021-09-23 02:37:10,536 [WARN] ApiManager:304 - Cannot register API 'Wireless:BlueNRG-MS' from pack STMicroelectronics.X-CUBE-BLE1.6.2.1: no header file found
2021-09-23 02:37:10,536 [WARN] ApiManager:304 - Cannot register API 'Wireless:BlueNRG-2' from pack STMicroelectronics.X-CUBE-BLE2.3.2.1: no header file found
2021-09-23 02:37:10,537 [WARN] ApiManager:304 - Cannot register API 'Board Extension:NFC04A1' from pack STMicroelectronics.X-CUBE-NFC4.2.0.3: no header file found
2021-09-23 02:37:10,537 [WARN] ApiManager:304 - Cannot register API 'Board Extension:NFC04A1' from pack STMicroelectronics.X-CUBE-NFC4.2.0.2: no header file found
2021-09-23 02:37:10,538 [WARN] ApiManager:304 - Cannot register API 'Board Extension:NFC04A1' from pack STMicroelectronics.X-CUBE-NFC4.2.0.1: no header file found
2021-09-23 02:37:10,539 [WARN] ApiManager:304 - Cannot register API 'Wireless:BlueNRG-2' from pack STMicroelectronics.X-CUBE-BLE2.3.2.0: no header file found
2021-09-23 02:37:10,539 [WARN] ApiManager:304 - Cannot register API 'Board Extension:S2868A1' from pack STMicroelectronics.X-CUBE-SFXS2LP1.3.1.0: no header file found
2021-09-23 02:37:10,539 [WARN] ApiManager:304 - Cannot register API 'Board Extension:S2868A2' from pack STMicroelectronics.X-CUBE-SFXS2LP1.3.1.0: no header file found
2021-09-23 02:37:10,539 [WARN] ApiManager:304 - Cannot register API 'Board Extension:S2915A1' from pack STMicroelectronics.X-CUBE-SFXS2LP1.3.1.0: no header file found
2021-09-23 02:37:10,543 [WARN] ApiManager:304 - Cannot register API 'Board Extension:S2868A1' from pack STMicroelectronics.X-CUBE-SUBG2.3.0.1: no header file found
2021-09-23 02:37:10,543 [WARN] ApiManager:304 - Cannot register API 'Board Extension:S2868A2' from pack STMicroelectronics.X-CUBE-SUBG2.3.0.1: no header file found
2021-09-23 02:37:10,543 [WARN] ApiManager:304 - Cannot register API 'Board Extension:S2915A1' from pack STMicroelectronics.X-CUBE-SUBG2.3.0.1: no header file found
2021-09-23 02:37:10,545 [WARN] ApiManager:304 - Cannot register API 'Board Extension:S2868A1' from pack STMicroelectronics.X-CUBE-SUBG2.3.0.0: no header file found
2021-09-23 02:37:10,545 [WARN] ApiManager:304 - Cannot register API 'Board Extension:S2868A2' from pack STMicroelectronics.X-CUBE-SUBG2.3.0.0: no header file found
2021-09-23 02:37:10,546 [WARN] ApiManager:304 - Cannot register API 'Board Extension:S2915A1' from pack STMicroelectronics.X-CUBE-SUBG2.3.0.0: no header file found
2021-09-23 02:37:10,547 [WARN] ModelIntegratedComponent:60 - No mode defined for component null
2021-09-23 02:37:10,548 [WARN] ModelIntegratedComponent:60 - No mode defined for component null
2021-09-23 02:37:10,548 [WARN] ModelIntegratedComponent:60 - No mode defined for component null
2021-09-23 02:37:10,548 [WARN] ModelIntegratedComponent:60 - No mode defined for component null
2021-09-23 02:37:10,548 [WARN] ModelIntegratedComponent:60 - No mode defined for component null
2021-09-23 02:37:10,548 [WARN] ModelIntegratedComponent:60 - No mode defined for component null
2021-09-23 02:37:10,548 [WARN] ModelIntegratedComponent:60 - No mode defined for component null
2021-09-23 02:37:10,548 [WARN] ModelIntegratedComponent:60 - No mode defined for component null
2021-09-23 02:37:10,548 [WARN] ModelIntegratedComponent:60 - No mode defined for component null
2021-09-23 02:37:10,548 [WARN] ModelIntegratedComponent:60 - No mode defined for component null
2021-09-23 02:37:10,548 [WARN] ModelIntegratedComponent:60 - No mode defined for component null
2021-09-23 02:37:10,548 [WARN] ModelIntegratedComponent:60 - No mode defined for component null
2021-09-23 02:37:10,548 [WARN] ModelIntegratedComponent:60 - No mode defined for component null
2021-09-23 02:37:10,548 [WARN] ModelIntegratedComponent:60 - No mode defined for component null
2021-09-23 02:37:10,548 [WARN] ModelIntegratedComponent:60 - No mode defined for component null
2021-09-23 02:37:10,548 [WARN] ModelIntegratedComponent:60 - No mode defined for component null
2021-09-23 02:37:10,549 [WARN] ModelIntegratedComponent:60 - No mode defined for component null
2021-09-23 02:37:10,549 [WARN] ModelIntegratedComponent:60 - No mode defined for component null
2021-09-23 02:37:10,549 [WARN] ModelIntegratedComponent:60 - No mode defined for component null
2021-09-23 02:37:10,549 [WARN] ModelIntegratedComponent:60 - No mode defined for component null
2021-09-23 02:37:10,549 [WARN] ModelIntegratedComponent:60 - No mode defined for component null
2021-09-23 02:37:10,549 [WARN] ModelIntegratedComponent:60 - No mode defined for component null
2021-09-23 02:37:10,549 [WARN] ModelIntegratedComponent:60 - No mode defined for component null
2021-09-23 02:37:10,549 [WARN] ModelIntegratedComponent:60 - No mode defined for component null
2021-09-23 02:37:10,549 [WARN] ModelIntegratedComponent:60 - No mode defined for component null
2021-09-23 02:37:10,549 [WARN] ModelIntegratedComponent:60 - No mode defined for component null
2021-09-23 02:37:10,549 [WARN] ModelIntegratedComponent:60 - No mode defined for component null
2021-09-23 02:37:10,549 [WARN] ModelIntegratedComponent:60 - No mode defined for component null
2021-09-23 02:37:10,549 [WARN] ModelIntegratedComponent:60 - No mode defined for component null
2021-09-23 02:37:10,549 [WARN] ModelIntegratedComponent:60 - No mode defined for component null
2021-09-23 02:37:10,549 [WARN] ModelIntegratedComponent:60 - No mode defined for component null
2021-09-23 02:37:10,552 [WARN] ApiManager:304 - Cannot register API 'Board Extension:S2868A1' from pack STMicroelectronics.X-CUBE-SUBG2.4.0.0: no header file found
2021-09-23 02:37:10,552 [WARN] ApiManager:304 - Cannot register API 'Board Extension:S2868A2' from pack STMicroelectronics.X-CUBE-SUBG2.4.0.0: no header file found
2021-09-23 02:37:10,552 [WARN] ApiManager:304 - Cannot register API 'Board Extension:S2915A1' from pack STMicroelectronics.X-CUBE-SUBG2.4.0.0: no header file found
2021-09-23 02:37:10,554 [WARN] ApiManager:304 - Cannot register API 'Board Extension:S2868A1' from pack STMicroelectronics.X-CUBE-SUBG2.4.2.0: no header file found
2021-09-23 02:37:10,554 [WARN] ApiManager:304 - Cannot register API 'Board Extension:S2868A2' from pack STMicroelectronics.X-CUBE-SUBG2.4.2.0: no header file found
2021-09-23 02:37:10,554 [WARN] ApiManager:304 - Cannot register API 'Board Extension:S2915A1' from pack STMicroelectronics.X-CUBE-SUBG2.4.2.0: no header file found
2021-09-23 02:37:10,661 [WARN] ApiManager:304 - Cannot register API 'Board Extension:IKS01A3' from pack STMicroelectronics.X-CUBE-MEMS1.8.3.0: no header file found
2021-09-23 02:37:10,661 [WARN] ApiManager:304 - Cannot register API 'Board Extension:IKS01A2' from pack STMicroelectronics.X-CUBE-MEMS1.8.3.0: no header file found
2021-09-23 02:37:10,661 [WARN] ApiManager:304 - Cannot register API 'Board Extension:IKS02A1' from pack STMicroelectronics.X-CUBE-MEMS1.8.3.0: no header file found
2021-09-23 02:37:10,666 [WARN] ApiManager:304 - Cannot register API 'Board Extension:EEPRMA1' from pack STMicroelectronics.X-CUBE-EEPRMA1.3.1.0: no header file found
2021-09-23 02:37:10,666 [WARN] ApiManager:304 - Cannot register API 'Board Extension:EEPRMA2' from pack STMicroelectronics.X-CUBE-EEPRMA1.3.1.0: no header file found
2021-09-23 02:37:10,666 [WARN] ApiManager:304 - Cannot register API 'Board Extension:GNSS1A1' from pack STMicroelectronics.X-CUBE-GNSS1.5.2.0: no header file found
2021-09-23 02:37:10,666 [WARN] ApiManager:304 - Cannot register API 'Board Support:Custom' from pack STMicroelectronics.X-CUBE-GNSS1.5.2.0: no header file found
2021-09-23 02:37:10,666 [WARN] ApiManager:304 - Cannot register API 'Data Exchange:lib_gnss' from pack STMicroelectronics.X-CUBE-GNSS1.5.2.0: no header file found
2021-09-23 02:37:10,667 [WARN] ApiManager:304 - Cannot register API 'Wireless:BlueNRG-MS' from pack STMicroelectronics.X-CUBE-BLE1.6.1.0: no header file found
2021-09-23 02:37:10,668 [WARN] ApiManager:304 - Cannot register API 'Wireless:BlueNRG-2' from pack STMicroelectronics.X-CUBE-BLE2.3.1.0: no header file found
2021-09-23 02:37:14,249 [INFO] UtilMem:74 - End LoadConfig() Used Memory: 307095224 Bytes (742391808)
2021-09-23 02:37:14,254 [WARN] ThirdParty:779 - waiting for thirdparty lock release [change project]
2021-09-23 02:37:14,254 [INFO] ThirdParty:781 - entering critical section [change project]
2021-09-23 02:37:14,254 [INFO] ThirdParty:967 - CMSIS Pack Vendor :RoweBots I-CUBE-UNISONRTOS 5.5.0-4
2021-09-23 02:37:14,254 [INFO] ThirdParty:967 - CMSIS Pack Vendor :STMicroelectronics X-CUBE-SFXS2LP1 3.0.0
2021-09-23 02:37:14,254 [INFO] ThirdParty:967 - CMSIS Pack Vendor :STMicroelectronics USB_HOST 2.0.0
2021-09-23 02:37:14,255 [INFO] ThirdParty:967 - CMSIS Pack Vendor :STMicroelectronics USB_DEVICE 3.0.0
2021-09-23 02:37:14,255 [INFO] ThirdParty:967 - CMSIS Pack Vendor :STMicroelectronics X-CUBE-SFXS2LP1 2.0.0
2021-09-23 02:37:14,255 [INFO] ThirdParty:967 - CMSIS Pack Vendor :STMicroelectronics X-CUBE-SUBG2 4.1.0
2021-09-23 02:37:14,255 [INFO] ThirdParty:967 - CMSIS Pack Vendor :STMicroelectronics X-CUBE-MEMS1 9.0.0
2021-09-23 02:37:14,255 [INFO] ThirdParty:967 - CMSIS Pack Vendor :STMicroelectronics X-CUBE-AZRTOS-H7 1.1.0
2021-09-23 02:37:14,255 [INFO] ThirdParty:967 - CMSIS Pack Vendor :STMicroelectronics USB_DEVICE 2.0.0
2021-09-23 02:37:14,255 [INFO] ThirdParty:967 - CMSIS Pack Vendor :STMicroelectronics X-CUBE-MEMS1 8.2.0
2021-09-23 02:37:14,255 [INFO] ThirdParty:967 - CMSIS Pack Vendor :STMicroelectronics X-CUBE-EEPRMA1 3.0.0
2021-09-23 02:37:14,255 [INFO] ThirdParty:967 - CMSIS Pack Vendor :STMicroelectronics FreeRTOS 0.0.1
2021-09-23 02:37:14,255 [INFO] ThirdParty:967 - CMSIS Pack Vendor :STMicroelectronics X-CUBE-ALGOBUILD 1.1.0
2021-09-23 02:37:14,255 [INFO] ThirdParty:967 - CMSIS Pack Vendor :SEGGER I-CUBE-embOS 1.2.0
2021-09-23 02:37:14,255 [INFO] ThirdParty:967 - CMSIS Pack Vendor :STMicroelectronics X-CUBE-GNSS1 5.1.0
2021-09-23 02:37:14,255 [INFO] ThirdParty:967 - CMSIS Pack Vendor :STMicroelectronics lwIP 2.0.3
2021-09-23 02:37:14,255 [INFO] ThirdParty:967 - CMSIS Pack Vendor :STMicroelectronics X-CUBE-BLE1 6.2.0
2021-09-23 02:37:14,255 [INFO] ThirdParty:967 - CMSIS Pack Vendor :STMicroelectronics X-CUBE-BLE1 6.2.1
2021-09-23 02:37:14,255 [INFO] ThirdParty:967 - CMSIS Pack Vendor :STMicroelectronics X-CUBE-BLE2 3.2.1
2021-09-23 02:37:14,255 [INFO] ThirdParty:967 - CMSIS Pack Vendor :STMicroelectronics USB_HOST 1.0.0
2021-09-23 02:37:14,256 [INFO] ThirdParty:967 - CMSIS Pack Vendor :STMicroelectronics X-CUBE-TOUCHGFX 4.15.0
2021-09-23 02:37:14,256 [INFO] ThirdParty:967 - CMSIS Pack Vendor :STMicroelectronics X-CUBE-NFC4 2.0.3
2021-09-23 02:37:14,256 [INFO] ThirdParty:967 - CMSIS Pack Vendor :STMicroelectronics X-CUBE-NFC4 2.0.2
2021-09-23 02:37:14,256 [INFO] ThirdParty:967 - CMSIS Pack Vendor :STMicroelectronics X-CUBE-TOUCHGFX 4.17.0
2021-09-23 02:37:14,256 [INFO] ThirdParty:967 - CMSIS Pack Vendor :STMicroelectronics X-CUBE-NFC4 2.0.1
2021-09-23 02:37:14,256 [INFO] ThirdParty:967 - CMSIS Pack Vendor :STMicroelectronics PDM2PCM 3.1.0
2021-09-23 02:37:14,256 [INFO] ThirdParty:967 - CMSIS Pack Vendor :STMicroelectronics PDM2PCM 3.3.0
2021-09-23 02:37:14,256 [INFO] ThirdParty:967 - CMSIS Pack Vendor :STMicroelectronics X-CUBE-BLE2 3.2.0
2021-09-23 02:37:14,256 [INFO] ThirdParty:967 - CMSIS Pack Vendor :STMicroelectronics X-CUBE-SFXS2LP1 3.1.0
2021-09-23 02:37:14,256 [INFO] ThirdParty:967 - CMSIS Pack Vendor :STMicroelectronics X-CUBE-AZRTOS-F4 1.0.0
2021-09-23 02:37:14,256 [INFO] ThirdParty:967 - CMSIS Pack Vendor :STMicroelectronics X-CUBE-AZRTOS-H7 2.0.0
2021-09-23 02:37:14,256 [INFO] ThirdParty:967 - CMSIS Pack Vendor :STMicroelectronics X-CUBE-SUBG2 3.0.1
2021-09-23 02:37:14,256 [INFO] ThirdParty:967 - CMSIS Pack Vendor :STMicroelectronics X-CUBE-SUBG2 3.0.0
2021-09-23 02:37:14,256 [INFO] ThirdParty:967 - CMSIS Pack Vendor :STMicroelectronics X-CUBE-TOF1 2.0.0
2021-09-23 02:37:14,256 [INFO] ThirdParty:967 - CMSIS Pack Vendor :STMicroelectronics HAL Drivers 0.0.0
2021-09-23 02:37:14,256 [INFO] ThirdParty:967 - CMSIS Pack Vendor :STMicroelectronics MBEDTLS 2.16.2
2021-09-23 02:37:14,256 [INFO] ThirdParty:967 - CMSIS Pack Vendor :STMicroelectronics MBEDTLS 2.14.1
2021-09-23 02:37:14,257 [INFO] ThirdParty:967 - CMSIS Pack Vendor :STMicroelectronics X-CUBE-SUBG2 4.0.0
2021-09-23 02:37:14,257 [INFO] ThirdParty:967 - CMSIS Pack Vendor :STMicroelectronics X-CUBE-SUBG2 4.2.0
2021-09-23 02:37:14,257 [INFO] ThirdParty:967 - CMSIS Pack Vendor :STMicroelectronics X-CUBE-TOF1 1.0.0
2021-09-23 02:37:14,257 [INFO] ThirdParty:967 - CMSIS Pack Vendor :STMicroelectronics X-CUBE-AZRTOS-H7 1.0.0
2021-09-23 02:37:14,257 [INFO] ThirdParty:967 - CMSIS Pack Vendor :STMicroelectronics X-CUBE-ALS 1.0.1
2021-09-23 02:37:14,257 [INFO] ThirdParty:967 - CMSIS Pack Vendor :STMicroelectronics X-CUBE-AI 7.0.0
2021-09-23 02:37:14,257 [INFO] ThirdParty:967 - CMSIS Pack Vendor :STMicroelectronics X-CUBE-ALGOBUILD 1.2.1
2021-09-23 02:37:14,257 [INFO] ThirdParty:967 - CMSIS Pack Vendor :STMicroelectronics X-CUBE-MEMS1 8.3.0
2021-09-23 02:37:14,257 [INFO] ThirdParty:967 - CMSIS Pack Vendor :STMicroelectronics X-CUBE-DISPLAY 1.0.0
2021-09-23 02:37:14,257 [INFO] ThirdParty:967 - CMSIS Pack Vendor :STMicroelectronics USB_DEVICE 1.0.0
2021-09-23 02:37:14,257 [INFO] ThirdParty:967 - CMSIS Pack Vendor :STMicroelectronics X-CUBE-AI 6.0.0
2021-09-23 02:37:14,257 [INFO] ThirdParty:967 - CMSIS Pack Vendor :STMicroelectronics X-CUBE-EEPRMA1 3.1.0
2021-09-23 02:37:14,257 [INFO] ThirdParty:967 - CMSIS Pack Vendor :STMicroelectronics X-CUBE-ALGOBUILD 1.2.0
2021-09-23 02:37:14,257 [INFO] ThirdParty:967 - CMSIS Pack Vendor :STMicroelectronics X-CUBE-GNSS1 5.2.0
2021-09-23 02:37:14,258 [INFO] ThirdParty:967 - CMSIS Pack Vendor :STMicroelectronics ThreadX 0.0.2
2021-09-23 02:37:14,258 [INFO] ThirdParty:967 - CMSIS Pack Vendor :STMicroelectronics X-CUBE-BLE1 6.1.0
2021-09-23 02:37:14,258 [INFO] ThirdParty:967 - CMSIS Pack Vendor :STMicroelectronics lwIP 2.1.2
2021-09-23 02:37:14,258 [INFO] ThirdParty:967 - CMSIS Pack Vendor :wolfSSL I-CUBE-wolfSSL 4.7.0
2021-09-23 02:37:14,258 [INFO] ThirdParty:967 - CMSIS Pack Vendor :STMicroelectronics X-CUBE-TOUCHGFX 4.16.1
2021-09-23 02:37:14,258 [INFO] ThirdParty:967 - CMSIS Pack Vendor :STMicroelectronics X-CUBE-AI 5.2.0
2021-09-23 02:37:14,258 [INFO] ThirdParty:967 - CMSIS Pack Vendor :STMicroelectronics X-CUBE-TOUCHGFX 4.16.0
2021-09-23 02:37:14,258 [INFO] ThirdParty:967 - CMSIS Pack Vendor :STMicroelectronics PDM2PCM 3.2.0
2021-09-23 02:37:14,258 [INFO] ThirdParty:967 - CMSIS Pack Vendor :STMicroelectronics X-CUBE-BLE2 3.1.0
2021-09-23 02:37:14,258 [INFO] ThirdParty:787 - exiting critical section [change project]
2021-09-23 02:37:14,455 [INFO] PinOutPanel:1463 - setPackage(No Configuration,No Configuration)
2021-09-23 02:37:14,456 [INFO] PinOutPanel:1463 - setPackage(STM32F103C8Tx,LQFP48)
2021-09-23 02:37:14,734 [INFO] UtilMem:74 - Before build in PCC Used Memory: 420867768 Bytes (742391808)
2021-09-23 02:37:15,140 [INFO] UtilMem:74 - After build in PCC Used Memory: 500559544 Bytes (742391808)
2021-09-23 02:37:15,156 [INFO] IPUIPlugin:74 - create IPUIPlugin
2021-09-23 02:37:15,157 [INFO] IPUIPlugin:74 - create IPUIPlugin
2021-09-23 02:37:15,157 [INFO] IPUIPlugin:74 - create IPUIPlugin
2021-09-23 02:37:15,157 [INFO] IPUIPlugin:74 - create IPUIPlugin
2021-09-23 02:37:15,157 [INFO] IPUIPlugin:74 - create IPUIPlugin
2021-09-23 02:37:15,157 [INFO] IPUIPlugin:74 - create IPUIPlugin
2021-09-23 02:37:15,157 [INFO] IPUIPlugin:74 - create IPUIPlugin
2021-09-23 02:37:15,157 [INFO] IPUIPlugin:74 - create IPUIPlugin
2021-09-23 02:37:15,157 [INFO] IPUIPlugin:74 - create IPUIPlugin
2021-09-23 02:37:15,158 [INFO] IPUIPlugin:74 - create IPUIPlugin
2021-09-23 02:37:15,158 [INFO] IPUIPlugin:74 - create IPUIPlugin
2021-09-23 02:37:15,158 [INFO] IPUIPlugin:74 - create IPUIPlugin
2021-09-23 02:37:15,158 [INFO] IPUIPlugin:74 - create IPUIPlugin
2021-09-23 02:37:15,158 [INFO] IPUIPlugin:74 - create IPUIPlugin
2021-09-23 02:37:15,159 [INFO] IPUIPlugin:74 - create IPUIPlugin
2021-09-23 02:37:15,159 [INFO] IPUIPlugin:74 - create IPUIPlugin
2021-09-23 02:37:15,159 [INFO] IPUIPlugin:74 - create IPUIPlugin
2021-09-23 02:37:15,159 [INFO] IPUIPlugin:74 - create IPUIPlugin
2021-09-23 02:37:15,159 [INFO] IPUIPlugin:74 - create IPUIPlugin
2021-09-23 02:37:15,160 [INFO] IPUIPlugin:74 - create IPUIPlugin
2021-09-23 02:37:15,160 [INFO] IPUIPlugin:74 - create IPUIPlugin
2021-09-23 02:37:15,160 [INFO] IPUIPlugin:74 - create IPUIPlugin
2021-09-23 02:37:15,161 [INFO] IPUIPlugin:74 - create IPUIPlugin
2021-09-23 02:37:15,161 [INFO] IPUIPlugin:74 - create IPUIPlugin
2021-09-23 02:37:15,161 [INFO] IPUIPlugin:74 - create IPUIPlugin
2021-09-23 02:37:15,162 [INFO] IPUIPlugin:74 - create IPUIPlugin
2021-09-23 02:37:15,162 [INFO] IPUIPlugin:74 - create IPUIPlugin
2021-09-23 02:37:15,248 [INFO] OpenFileManager:333 - Restore cursor
2021-09-23 02:37:15,473 [INFO] UtilMem:74 - End SaveConfig() Used Memory: 573433528 Bytes (742391808)
2021-09-23 02:37:15,520 [INFO] UtilMem:74 - End SaveConfig() Used Memory: 590737080 Bytes (742391808)
2021-09-23 02:37:15,819 [INFO] BlockDiagram:2740 - set Specific Code input for plugin: NVIC
2021-09-23 02:37:15,819 [INFO] BlockDiagram:2740 - set Specific Code input for plugin: SYS
2021-09-23 02:37:15,819 [INFO] BlockDiagram:2740 - set Specific Code input for plugin: RCC
2021-09-23 02:37:15,820 [INFO] CodeGenerator:663 - code generatio: config db path: C:\ST\STM32CubeIDE_1.7.0\STM32CubeIDE\plugins\com.st.stm32cube.common.mx_6.3.0.202107141111\\db\
2021-09-23 02:37:16,039 [INFO] CodeEngine:239 - oldGeneratedFile, C:\NelsonLima\Projetos\iBus_FlySky.git\trunk\CubeIDE\J3_ibus_flysky\MXTmpFiles\license.tmp_save
2021-09-23 02:37:16,280 [INFO] CodeEngine:257 - Generated code: C:\NelsonLima\Projetos\iBus_FlySky.git\trunk\CubeIDE\J3_ibus_flysky\MXTmpFiles\license.tmp
2021-09-23 02:37:16,363 [INFO] CodeEngine:239 - oldGeneratedFile, C:\NelsonLima\Projetos\iBus_FlySky.git\trunk\CubeIDE\J3_ibus_flysky\Core\Src\stm32f1xx_it.c_save
2021-09-23 02:37:16,451 [INFO] CodeEngine:257 - Generated code: C:\NelsonLima\Projetos\iBus_FlySky.git\trunk\CubeIDE\J3_ibus_flysky\Core\Src\stm32f1xx_it.c
2021-09-23 02:37:16,457 [INFO] CodeEngine:239 - oldGeneratedFile, C:\NelsonLima\Projetos\iBus_FlySky.git\trunk\CubeIDE\J3_ibus_flysky\Core\Inc\stm32f1xx_it.h_save
2021-09-23 02:37:16,507 [INFO] CodeEngine:257 - Generated code: C:\NelsonLima\Projetos\iBus_FlySky.git\trunk\CubeIDE\J3_ibus_flysky\Core\Inc\stm32f1xx_it.h
2021-09-23 02:37:16,518 [INFO] CodeEngine:239 - oldGeneratedFile, C:\NelsonLima\Projetos\iBus_FlySky.git\trunk\CubeIDE\J3_ibus_flysky\Core\Src\stm32f1xx_hal_msp.c_save
2021-09-23 02:37:16,597 [INFO] CodeEngine:257 - Generated code: C:\NelsonLima\Projetos\iBus_FlySky.git\trunk\CubeIDE\J3_ibus_flysky\Core\Src\stm32f1xx_hal_msp.c
2021-09-23 02:37:16,602 [INFO] CodeEngine:239 - oldGeneratedFile, C:\NelsonLima\Projetos\iBus_FlySky.git\trunk\CubeIDE\J3_ibus_flysky\MXTmpFiles\system.tmp_save
2021-09-23 02:37:16,645 [INFO] CodeEngine:257 - Generated code: C:\NelsonLima\Projetos\iBus_FlySky.git\trunk\CubeIDE\J3_ibus_flysky\MXTmpFiles\system.tmp
2021-09-23 02:37:16,654 [INFO] CodeEngine:239 - oldGeneratedFile, C:\NelsonLima\Projetos\iBus_FlySky.git\trunk\CubeIDE\J3_ibus_flysky\Core\Inc\stm32f1xx_hal_conf.h_save
2021-09-23 02:37:16,712 [INFO] CodeEngine:257 - Generated code: C:\NelsonLima\Projetos\iBus_FlySky.git\trunk\CubeIDE\J3_ibus_flysky\Core\Inc\stm32f1xx_hal_conf.h
2021-09-23 02:37:16,746 [INFO] CodeEngine:239 - oldGeneratedFile, C:\NelsonLima\Projetos\iBus_FlySky.git\trunk\CubeIDE\J3_ibus_flysky\Core\Inc\main.h_save
2021-09-23 02:37:16,807 [INFO] CodeEngine:257 - Generated code: C:\NelsonLima\Projetos\iBus_FlySky.git\trunk\CubeIDE\J3_ibus_flysky\Core\Inc\main.h
2021-09-23 02:37:16,813 [INFO] CodeEngine:239 - oldGeneratedFile, C:\NelsonLima\Projetos\iBus_FlySky.git\trunk\CubeIDE\J3_ibus_flysky\Core\Src\main.c_save
2021-09-23 02:37:16,932 [INFO] CodeEngine:257 - Generated code: C:\NelsonLima\Projetos\iBus_FlySky.git\trunk\CubeIDE\J3_ibus_flysky\Core\Src\main.c
2021-09-23 02:37:17,769 [INFO] ProjectBuilder:2578 - Time for Copy HAL[1] : 287mS.
2021-09-23 02:37:17,773 [INFO] ProjectBuilder:3622 - Project Generator version: 3.14.1
2021-09-23 02:37:18,217 [INFO] ConfigFileManager:1271 - The Die is : DIE410
2021-09-23 02:37:18,235 [INFO] ApiDbMcu:468 - Load IP Config File for FATFS
2021-09-23 02:37:18,264 [INFO] ApiDbMcu:468 - Load IP Config File for FREERTOS
2021-09-23 02:37:18,288 [INFO] ApiDbMcu:468 - Load IP Config File for USB_DEVICE
2021-09-23 02:37:22,552 [INFO] ProjectBuilder:3789 - Time for Generating toolchain IDE Files: 4779mS.
2021-09-23 02:37:22,553 [INFO] ProjectBuilder:2457 - Time for Copy CMSIS : 1mS.
2021-09-23 02:37:22,555 [INFO] ProjectBuilder:2457 - Time for Copy CMSIS : 0mS.
2021-09-23 02:37:23,935 [INFO] McuFinderGlobals:52 - Set McuFinderConnectedMode to true
2021-09-23 02:37:23,936 [INFO] ApiDb:276 - Save user favorites file C:\Users\Nelson Lima/.stm32cubeide/favorites.mcus.txt: 0 item(s)
2021-09-23 02:37:23,936 [INFO] ApiDb:280 - User favorites MCUs=[]
2021-09-23 02:41:37,810 [INFO] NvicIntPanel:96 - NVIC parent = com.st.microxplorer.plugins.ip.nvic.MultiNvicIntPanel[,0,0,469x302,layout=javax.swing.BoxLayout,alignmentX=0.0,alignmentY=0.0,border=,flags=9,maximumSize=,minimumSize=,preferredSize=]
2021-09-23 02:41:49,491 [INFO] UtilMem:74 - End SaveConfig() Used Memory: 486962248 Bytes (825229312)
2021-09-23 02:41:52,330 [INFO] UtilMem:74 - End SaveConfig() Used Memory: 519679664 Bytes (825229312)
2021-09-23 02:41:57,287 [INFO] UtilMem:74 - End SaveConfig() Used Memory: 357166016 Bytes (825229312)
2021-09-23 02:41:57,685 [INFO] BlockDiagram:2740 - set Specific Code input for plugin: NVIC
2021-09-23 02:41:57,685 [INFO] BlockDiagram:2740 - set Specific Code input for plugin: USART
2021-09-23 02:41:57,685 [INFO] BlockDiagram:2740 - set Specific Code input for plugin: DMA
2021-09-23 02:41:57,685 [INFO] BlockDiagram:2740 - set Specific Code input for plugin: SYS
2021-09-23 02:41:57,685 [INFO] BlockDiagram:2740 - set Specific Code input for plugin: GPIO
2021-09-23 02:41:57,685 [INFO] BlockDiagram:2740 - set Specific Code input for plugin: RCC
2021-09-23 02:41:57,686 [INFO] CodeGenerator:663 - code generatio: config db path: C:\ST\STM32CubeIDE_1.7.0\STM32CubeIDE\plugins\com.st.stm32cube.common.mx_6.3.0.202107141111\\db\
2021-09-23 02:41:57,917 [INFO] CodeEngine:239 - oldGeneratedFile, C:\NelsonLima\Projetos\iBus_FlySky.git\trunk\CubeIDE\J3_ibus_flysky\MXTmpFiles\license.tmp_save
2021-09-23 02:41:57,955 [INFO] CodeEngine:257 - Generated code: C:\NelsonLima\Projetos\iBus_FlySky.git\trunk\CubeIDE\J3_ibus_flysky\MXTmpFiles\license.tmp
2021-09-23 02:41:57,993 [INFO] CodeEngine:239 - oldGeneratedFile, C:\NelsonLima\Projetos\iBus_FlySky.git\trunk\CubeIDE\J3_ibus_flysky\Core\Src\gpio.c_save
2021-09-23 02:41:58,050 [INFO] CodeEngine:257 - Generated code: C:\NelsonLima\Projetos\iBus_FlySky.git\trunk\CubeIDE\J3_ibus_flysky\Core\Src\gpio.c
2021-09-23 02:41:58,056 [INFO] CodeEngine:239 - oldGeneratedFile, C:\NelsonLima\Projetos\iBus_FlySky.git\trunk\CubeIDE\J3_ibus_flysky\Core\Inc\gpio.h_save
2021-09-23 02:41:58,102 [INFO] CodeEngine:257 - Generated code: C:\NelsonLima\Projetos\iBus_FlySky.git\trunk\CubeIDE\J3_ibus_flysky\Core\Inc\gpio.h
2021-09-23 02:41:58,156 [INFO] CodeEngine:239 - oldGeneratedFile, C:\NelsonLima\Projetos\iBus_FlySky.git\trunk\CubeIDE\J3_ibus_flysky\Core\Src\dma.c_save
2021-09-23 02:41:58,209 [INFO] CodeEngine:257 - Generated code: C:\NelsonLima\Projetos\iBus_FlySky.git\trunk\CubeIDE\J3_ibus_flysky\Core\Src\dma.c
2021-09-23 02:41:58,215 [INFO] CodeEngine:239 - oldGeneratedFile, C:\NelsonLima\Projetos\iBus_FlySky.git\trunk\CubeIDE\J3_ibus_flysky\Core\Inc\dma.h_save
2021-09-23 02:41:58,262 [INFO] CodeEngine:257 - Generated code: C:\NelsonLima\Projetos\iBus_FlySky.git\trunk\CubeIDE\J3_ibus_flysky\Core\Inc\dma.h
2021-09-23 02:41:58,273 [INFO] CodeEngine:239 - oldGeneratedFile, C:\NelsonLima\Projetos\iBus_FlySky.git\trunk\CubeIDE\J3_ibus_flysky\Core\Src\usart.c_save
2021-09-23 02:41:58,350 [INFO] CodeEngine:257 - Generated code: C:\NelsonLima\Projetos\iBus_FlySky.git\trunk\CubeIDE\J3_ibus_flysky\Core\Src\usart.c
2021-09-23 02:41:58,357 [INFO] CodeEngine:239 - oldGeneratedFile, C:\NelsonLima\Projetos\iBus_FlySky.git\trunk\CubeIDE\J3_ibus_flysky\Core\Inc\usart.h_save
2021-09-23 02:41:58,404 [INFO] CodeEngine:257 - Generated code: C:\NelsonLima\Projetos\iBus_FlySky.git\trunk\CubeIDE\J3_ibus_flysky\Core\Inc\usart.h
2021-09-23 02:41:58,417 [INFO] CodeEngine:239 - oldGeneratedFile, C:\NelsonLima\Projetos\iBus_FlySky.git\trunk\CubeIDE\J3_ibus_flysky\Core\Src\stm32f1xx_it.c_save
2021-09-23 02:41:58,497 [INFO] CodeEngine:257 - Generated code: C:\NelsonLima\Projetos\iBus_FlySky.git\trunk\CubeIDE\J3_ibus_flysky\Core\Src\stm32f1xx_it.c
2021-09-23 02:41:58,500 [INFO] CodeEngine:239 - oldGeneratedFile, C:\NelsonLima\Projetos\iBus_FlySky.git\trunk\CubeIDE\J3_ibus_flysky\Core\Inc\stm32f1xx_it.h_save
2021-09-23 02:41:58,556 [INFO] CodeEngine:257 - Generated code: C:\NelsonLima\Projetos\iBus_FlySky.git\trunk\CubeIDE\J3_ibus_flysky\Core\Inc\stm32f1xx_it.h
2021-09-23 02:41:58,568 [INFO] CodeEngine:239 - oldGeneratedFile, C:\NelsonLima\Projetos\iBus_FlySky.git\trunk\CubeIDE\J3_ibus_flysky\Core\Src\stm32f1xx_hal_msp.c_save
2021-09-23 02:41:58,668 [INFO] CodeEngine:257 - Generated code: C:\NelsonLima\Projetos\iBus_FlySky.git\trunk\CubeIDE\J3_ibus_flysky\Core\Src\stm32f1xx_hal_msp.c
2021-09-23 02:41:58,671 [INFO] CodeEngine:239 - oldGeneratedFile, C:\NelsonLima\Projetos\iBus_FlySky.git\trunk\CubeIDE\J3_ibus_flysky\MXTmpFiles\system.tmp_save
2021-09-23 02:41:58,795 [INFO] CodeEngine:257 - Generated code: C:\NelsonLima\Projetos\iBus_FlySky.git\trunk\CubeIDE\J3_ibus_flysky\MXTmpFiles\system.tmp
2021-09-23 02:41:58,808 [INFO] CodeEngine:239 - oldGeneratedFile, C:\NelsonLima\Projetos\iBus_FlySky.git\trunk\CubeIDE\J3_ibus_flysky\Core\Inc\stm32f1xx_hal_conf.h_save
2021-09-23 02:41:58,873 [INFO] CodeEngine:257 - Generated code: C:\NelsonLima\Projetos\iBus_FlySky.git\trunk\CubeIDE\J3_ibus_flysky\Core\Inc\stm32f1xx_hal_conf.h
2021-09-23 02:41:58,904 [INFO] CodeEngine:239 - oldGeneratedFile, C:\NelsonLima\Projetos\iBus_FlySky.git\trunk\CubeIDE\J3_ibus_flysky\Core\Inc\main.h_save
2021-09-23 02:41:58,960 [INFO] CodeEngine:257 - Generated code: C:\NelsonLima\Projetos\iBus_FlySky.git\trunk\CubeIDE\J3_ibus_flysky\Core\Inc\main.h
2021-09-23 02:41:58,967 [INFO] CodeEngine:239 - oldGeneratedFile, C:\NelsonLima\Projetos\iBus_FlySky.git\trunk\CubeIDE\J3_ibus_flysky\Core\Src\main.c_save
2021-09-23 02:41:59,044 [INFO] CodeEngine:257 - Generated code: C:\NelsonLima\Projetos\iBus_FlySky.git\trunk\CubeIDE\J3_ibus_flysky\Core\Src\main.c
2021-09-23 02:41:59,653 [INFO] ProjectBuilder:2578 - Time for Copy HAL[1] : 73mS.
2021-09-23 02:41:59,656 [INFO] ProjectBuilder:3622 - Project Generator version: 3.14.1
2021-09-23 02:42:00,121 [INFO] ConfigFileManager:1271 - The Die is : DIE410
2021-09-23 02:42:01,762 [INFO] ProjectBuilder:3789 - Time for Generating toolchain IDE Files: 2106mS.
2021-09-23 02:42:01,763 [INFO] ProjectBuilder:2457 - Time for Copy CMSIS : 1mS.
2021-09-23 02:42:01,767 [INFO] ProjectBuilder:2457 - Time for Copy CMSIS : 0mS.
2021-09-23 03:04:53,774 [INFO] UtilMem:74 - End SaveConfig() Used Memory: 754561656 Bytes (935329792)
2021-09-23 03:04:54,113 [INFO] BlockDiagram:2740 - set Specific Code input for plugin: NVIC
2021-09-23 03:04:54,113 [INFO] BlockDiagram:2740 - set Specific Code input for plugin: USART
2021-09-23 03:04:54,113 [INFO] BlockDiagram:2740 - set Specific Code input for plugin: DMA
2021-09-23 03:04:54,114 [INFO] BlockDiagram:2740 - set Specific Code input for plugin: SYS
2021-09-23 03:04:54,114 [INFO] BlockDiagram:2740 - set Specific Code input for plugin: GPIO
2021-09-23 03:04:54,114 [INFO] BlockDiagram:2740 - set Specific Code input for plugin: RCC
2021-09-23 03:04:54,115 [INFO] CodeGenerator:663 - code generatio: config db path: C:\ST\STM32CubeIDE_1.7.0\STM32CubeIDE\plugins\com.st.stm32cube.common.mx_6.3.0.202107141111\\db\
2021-09-23 03:04:54,125 [INFO] Argument:294 - Argument : hdmavalue: null
2021-09-23 03:04:54,125 [INFO] Argument:296 - 	 sub Args: 
2021-09-23 03:04:54,125 [INFO] Argument:294 - Argument : Instancevalue: DMA1_Channel5
2021-09-23 03:04:54,125 [INFO] Argument:304 - Argument : Instancevalue: DMA1_Channel5
2021-09-23 03:04:54,125 [INFO] Argument:294 - Argument : Initvalue: null
2021-09-23 03:04:54,126 [INFO] Argument:296 - 	 sub Args: 
2021-09-23 03:04:54,126 [INFO] Argument:294 - Argument : Directionvalue: DMA_PERIPH_TO_MEMORY
2021-09-23 03:04:54,126 [INFO] Argument:304 - Argument : Directionvalue: DMA_PERIPH_TO_MEMORY
2021-09-23 03:04:54,126 [INFO] Argument:294 - Argument : PeriphIncvalue: DMA_PINC_DISABLE
2021-09-23 03:04:54,126 [INFO] Argument:304 - Argument : PeriphIncvalue: DMA_PINC_DISABLE
2021-09-23 03:04:54,126 [INFO] Argument:294 - Argument : MemIncvalue: DMA_MINC_ENABLE
2021-09-23 03:04:54,126 [INFO] Argument:304 - Argument : MemIncvalue: DMA_MINC_ENABLE
2021-09-23 03:04:54,126 [INFO] Argument:294 - Argument : PeriphDataAlignmentvalue: DMA_PDATAALIGN_BYTE
2021-09-23 03:04:54,126 [INFO] Argument:304 - Argument : PeriphDataAlignmentvalue: DMA_PDATAALIGN_BYTE
2021-09-23 03:04:54,126 [INFO] Argument:294 - Argument : MemDataAlignmentvalue: DMA_MDATAALIGN_BYTE
2021-09-23 03:04:54,126 [INFO] Argument:304 - Argument : MemDataAlignmentvalue: DMA_MDATAALIGN_BYTE
2021-09-23 03:04:54,126 [INFO] Argument:294 - Argument : Modevalue: DMA_NORMAL
2021-09-23 03:04:54,126 [INFO] Argument:304 - Argument : Modevalue: DMA_NORMAL
2021-09-23 03:04:54,126 [INFO] Argument:294 - Argument : Priorityvalue: DMA_PRIORITY_LOW
2021-09-23 03:04:54,127 [INFO] Argument:304 - Argument : Priorityvalue: DMA_PRIORITY_LOW
2021-09-23 03:04:54,127 [INFO] Argument:294 - Argument : Lockvalue: null
2021-09-23 03:04:54,127 [INFO] Argument:304 - Argument : Lockvalue: null
2021-09-23 03:04:54,127 [INFO] Argument:294 - Argument : Statevalue: null
2021-09-23 03:04:54,127 [INFO] Argument:304 - Argument : Statevalue: null
2021-09-23 03:04:54,127 [INFO] Argument:294 - Argument : Parentvalue: null
2021-09-23 03:04:54,128 [INFO] Argument:304 - Argument : Parentvalue: null
2021-09-23 03:04:54,128 [INFO] Argument:294 - Argument : XferCpltCallbackvalue: null
2021-09-23 03:04:54,128 [INFO] Argument:304 - Argument : XferCpltCallbackvalue: null
2021-09-23 03:04:54,128 [INFO] Argument:294 - Argument : XferHalfCpltCallbackvalue: null
2021-09-23 03:04:54,128 [INFO] Argument:304 - Argument : XferHalfCpltCallbackvalue: null
2021-09-23 03:04:54,128 [INFO] Argument:294 - Argument : XferErrorCallbackvalue: null
2021-09-23 03:04:54,129 [INFO] Argument:304 - Argument : XferErrorCallbackvalue: null
2021-09-23 03:04:54,129 [INFO] Argument:294 - Argument : ErrorCodevalue: null
2021-09-23 03:04:54,129 [INFO] Argument:304 - Argument : ErrorCodevalue: null
2021-09-23 03:04:54,448 [INFO] CodeEngine:239 - oldGeneratedFile, C:\NelsonLima\Projetos\iBus_FlySky.git\trunk\CubeIDE\J3_ibus_flysky\MXTmpFiles\license.tmp_save
2021-09-23 03:04:54,537 [INFO] CodeEngine:257 - Generated code: C:\NelsonLima\Projetos\iBus_FlySky.git\trunk\CubeIDE\J3_ibus_flysky\MXTmpFiles\license.tmp
2021-09-23 03:04:54,566 [INFO] CodeEngine:239 - oldGeneratedFile, C:\NelsonLima\Projetos\iBus_FlySky.git\trunk\CubeIDE\J3_ibus_flysky\Core\Src\gpio.c_save
2021-09-23 03:04:54,638 [INFO] CodeEngine:257 - Generated code: C:\NelsonLima\Projetos\iBus_FlySky.git\trunk\CubeIDE\J3_ibus_flysky\Core\Src\gpio.c
2021-09-23 03:04:54,645 [INFO] CodeEngine:239 - oldGeneratedFile, C:\NelsonLima\Projetos\iBus_FlySky.git\trunk\CubeIDE\J3_ibus_flysky\Core\Inc\gpio.h_save
2021-09-23 03:04:54,713 [INFO] CodeEngine:257 - Generated code: C:\NelsonLima\Projetos\iBus_FlySky.git\trunk\CubeIDE\J3_ibus_flysky\Core\Inc\gpio.h
2021-09-23 03:04:54,792 [INFO] CodeEngine:239 - oldGeneratedFile, C:\NelsonLima\Projetos\iBus_FlySky.git\trunk\CubeIDE\J3_ibus_flysky\Core\Src\dma.c_save
2021-09-23 03:04:54,841 [INFO] CodeEngine:257 - Generated code: C:\NelsonLima\Projetos\iBus_FlySky.git\trunk\CubeIDE\J3_ibus_flysky\Core\Src\dma.c
2021-09-23 03:04:54,846 [INFO] CodeEngine:239 - oldGeneratedFile, C:\NelsonLima\Projetos\iBus_FlySky.git\trunk\CubeIDE\J3_ibus_flysky\Core\Inc\dma.h_save
2021-09-23 03:04:54,890 [INFO] CodeEngine:257 - Generated code: C:\NelsonLima\Projetos\iBus_FlySky.git\trunk\CubeIDE\J3_ibus_flysky\Core\Inc\dma.h
2021-09-23 03:04:54,905 [INFO] CodeEngine:239 - oldGeneratedFile, C:\NelsonLima\Projetos\iBus_FlySky.git\trunk\CubeIDE\J3_ibus_flysky\Core\Src\usart.c_save
2021-09-23 03:04:55,004 [INFO] CodeEngine:257 - Generated code: C:\NelsonLima\Projetos\iBus_FlySky.git\trunk\CubeIDE\J3_ibus_flysky\Core\Src\usart.c
2021-09-23 03:04:55,007 [INFO] CodeEngine:239 - oldGeneratedFile, C:\NelsonLima\Projetos\iBus_FlySky.git\trunk\CubeIDE\J3_ibus_flysky\Core\Inc\usart.h_save
2021-09-23 03:04:55,074 [INFO] CodeEngine:257 - Generated code: C:\NelsonLima\Projetos\iBus_FlySky.git\trunk\CubeIDE\J3_ibus_flysky\Core\Inc\usart.h
2021-09-23 03:04:55,088 [INFO] CodeEngine:239 - oldGeneratedFile, C:\NelsonLima\Projetos\iBus_FlySky.git\trunk\CubeIDE\J3_ibus_flysky\Core\Src\stm32f1xx_it.c_save
2021-09-23 03:04:55,166 [INFO] CodeEngine:257 - Generated code: C:\NelsonLima\Projetos\iBus_FlySky.git\trunk\CubeIDE\J3_ibus_flysky\Core\Src\stm32f1xx_it.c
2021-09-23 03:04:55,171 [INFO] CodeEngine:239 - oldGeneratedFile, C:\NelsonLima\Projetos\iBus_FlySky.git\trunk\CubeIDE\J3_ibus_flysky\Core\Inc\stm32f1xx_it.h_save
2021-09-23 03:04:55,232 [INFO] CodeEngine:257 - Generated code: C:\NelsonLima\Projetos\iBus_FlySky.git\trunk\CubeIDE\J3_ibus_flysky\Core\Inc\stm32f1xx_it.h
2021-09-23 03:04:55,247 [INFO] CodeEngine:239 - oldGeneratedFile, C:\NelsonLima\Projetos\iBus_FlySky.git\trunk\CubeIDE\J3_ibus_flysky\Core\Src\stm32f1xx_hal_msp.c_save
2021-09-23 03:04:55,330 [INFO] CodeEngine:257 - Generated code: C:\NelsonLima\Projetos\iBus_FlySky.git\trunk\CubeIDE\J3_ibus_flysky\Core\Src\stm32f1xx_hal_msp.c
2021-09-23 03:04:55,333 [INFO] CodeEngine:239 - oldGeneratedFile, C:\NelsonLima\Projetos\iBus_FlySky.git\trunk\CubeIDE\J3_ibus_flysky\MXTmpFiles\system.tmp_save
2021-09-23 03:04:55,373 [INFO] CodeEngine:257 - Generated code: C:\NelsonLima\Projetos\iBus_FlySky.git\trunk\CubeIDE\J3_ibus_flysky\MXTmpFiles\system.tmp
2021-09-23 03:04:55,386 [INFO] CodeEngine:239 - oldGeneratedFile, C:\NelsonLima\Projetos\iBus_FlySky.git\trunk\CubeIDE\J3_ibus_flysky\Core\Inc\stm32f1xx_hal_conf.h_save
2021-09-23 03:04:55,493 [INFO] CodeEngine:257 - Generated code: C:\NelsonLima\Projetos\iBus_FlySky.git\trunk\CubeIDE\J3_ibus_flysky\Core\Inc\stm32f1xx_hal_conf.h
2021-09-23 03:04:55,537 [INFO] CodeEngine:239 - oldGeneratedFile, C:\NelsonLima\Projetos\iBus_FlySky.git\trunk\CubeIDE\J3_ibus_flysky\Core\Inc\main.h_save
2021-09-23 03:04:55,622 [INFO] CodeEngine:257 - Generated code: C:\NelsonLima\Projetos\iBus_FlySky.git\trunk\CubeIDE\J3_ibus_flysky\Core\Inc\main.h
2021-09-23 03:04:55,634 [INFO] CodeEngine:239 - oldGeneratedFile, C:\NelsonLima\Projetos\iBus_FlySky.git\trunk\CubeIDE\J3_ibus_flysky\Core\Src\main.c_save
2021-09-23 03:04:55,773 [INFO] CodeEngine:257 - Generated code: C:\NelsonLima\Projetos\iBus_FlySky.git\trunk\CubeIDE\J3_ibus_flysky\Core\Src\main.c
2021-09-23 03:04:56,591 [INFO] ProjectBuilder:2578 - Time for Copy HAL[1] : 87mS.
2021-09-23 03:04:56,596 [INFO] ProjectBuilder:3622 - Project Generator version: 3.14.1
2021-09-23 03:04:57,082 [INFO] ConfigFileManager:1271 - The Die is : DIE410
2021-09-23 03:04:58,808 [INFO] ProjectBuilder:3789 - Time for Generating toolchain IDE Files: 2212mS.
2021-09-23 03:04:58,808 [INFO] ProjectBuilder:2457 - Time for Copy CMSIS : 0mS.
2021-09-23 03:04:58,813 [INFO] ProjectBuilder:2457 - Time for Copy CMSIS : 1mS.
2021-09-27 18:00:22,254 [INFO] NvicIntPanel:96 - NVIC parent = com.st.microxplorer.plugins.ip.nvic.MultiNvicIntPanel[,0,0,0x0,invalid,layout=javax.swing.BoxLayout,alignmentX=0.0,alignmentY=0.0,border=,flags=9,maximumSize=,minimumSize=,preferredSize=]
2021-09-27 18:00:22,398 [INFO] NvicIntPanel:96 - NVIC parent = com.st.microxplorer.plugins.ip.nvic.MultiNvicIntPanel[,0,0,0x0,invalid,layout=javax.swing.BoxLayout,alignmentX=0.0,alignmentY=0.0,border=,flags=9,maximumSize=,minimumSize=,preferredSize=]
2021-09-27 18:00:27,897 [INFO] UtilMem:74 - End SaveConfig() Used Memory: 791286984 Bytes (1073741824)
2021-09-27 18:00:27,973 [INFO] UtilMem:74 - End SaveConfig() Used Memory: 808064200 Bytes (1073741824)
2021-09-27 18:00:30,216 [INFO] UtilMem:74 - End SaveConfig() Used Memory: 910302408 Bytes (1073741824)
2021-09-27 18:00:30,656 [INFO] BlockDiagram:2740 - set Specific Code input for plugin: NVIC
2021-09-27 18:00:30,656 [INFO] BlockDiagram:2740 - set Specific Code input for plugin: USART
2021-09-27 18:00:30,657 [INFO] BlockDiagram:2740 - set Specific Code input for plugin: DMA
2021-09-27 18:00:30,657 [INFO] BlockDiagram:2740 - set Specific Code input for plugin: SYS
2021-09-27 18:00:30,657 [INFO] BlockDiagram:2740 - set Specific Code input for plugin: GPIO
2021-09-27 18:00:30,657 [INFO] BlockDiagram:2740 - set Specific Code input for plugin: RCC
2021-09-27 18:00:30,658 [INFO] CodeGenerator:663 - code generatio: config db path: C:\ST\STM32CubeIDE_1.7.0\STM32CubeIDE\plugins\com.st.stm32cube.common.mx_6.3.0.202107141111\\db\
2021-09-27 18:00:30,670 [INFO] Argument:294 - Argument : hdmavalue: null
2021-09-27 18:00:30,670 [INFO] Argument:296 - 	 sub Args: 
2021-09-27 18:00:30,671 [INFO] Argument:294 - Argument : Instancevalue: DMA1_Channel5
2021-09-27 18:00:30,671 [INFO] Argument:304 - Argument : Instancevalue: DMA1_Channel5
2021-09-27 18:00:30,671 [INFO] Argument:294 - Argument : Initvalue: null
2021-09-27 18:00:30,671 [INFO] Argument:296 - 	 sub Args: 
2021-09-27 18:00:30,671 [INFO] Argument:294 - Argument : Directionvalue: DMA_PERIPH_TO_MEMORY
2021-09-27 18:00:30,671 [INFO] Argument:304 - Argument : Directionvalue: DMA_PERIPH_TO_MEMORY
2021-09-27 18:00:30,671 [INFO] Argument:294 - Argument : PeriphIncvalue: DMA_PINC_DISABLE
2021-09-27 18:00:30,671 [INFO] Argument:304 - Argument : PeriphIncvalue: DMA_PINC_DISABLE
2021-09-27 18:00:30,671 [INFO] Argument:294 - Argument : MemIncvalue: DMA_MINC_ENABLE
2021-09-27 18:00:30,671 [INFO] Argument:304 - Argument : MemIncvalue: DMA_MINC_ENABLE
2021-09-27 18:00:30,672 [INFO] Argument:294 - Argument : PeriphDataAlignmentvalue: DMA_PDATAALIGN_BYTE
2021-09-27 18:00:30,672 [INFO] Argument:304 - Argument : PeriphDataAlignmentvalue: DMA_PDATAALIGN_BYTE
2021-09-27 18:00:30,672 [INFO] Argument:294 - Argument : MemDataAlignmentvalue: DMA_MDATAALIGN_BYTE
2021-09-27 18:00:30,672 [INFO] Argument:304 - Argument : MemDataAlignmentvalue: DMA_MDATAALIGN_BYTE
2021-09-27 18:00:30,672 [INFO] Argument:294 - Argument : Modevalue: DMA_NORMAL
2021-09-27 18:00:30,672 [INFO] Argument:304 - Argument : Modevalue: DMA_NORMAL
2021-09-27 18:00:30,672 [INFO] Argument:294 - Argument : Priorityvalue: DMA_PRIORITY_LOW
2021-09-27 18:00:30,672 [INFO] Argument:304 - Argument : Priorityvalue: DMA_PRIORITY_LOW
2021-09-27 18:00:30,672 [INFO] Argument:294 - Argument : Lockvalue: null
2021-09-27 18:00:30,672 [INFO] Argument:304 - Argument : Lockvalue: null
2021-09-27 18:00:30,672 [INFO] Argument:294 - Argument : Statevalue: null
2021-09-27 18:00:30,672 [INFO] Argument:304 - Argument : Statevalue: null
2021-09-27 18:00:30,673 [INFO] Argument:294 - Argument : Parentvalue: null
2021-09-27 18:00:30,673 [INFO] Argument:304 - Argument : Parentvalue: null
2021-09-27 18:00:30,673 [INFO] Argument:294 - Argument : XferCpltCallbackvalue: null
2021-09-27 18:00:30,673 [INFO] Argument:304 - Argument : XferCpltCallbackvalue: null
2021-09-27 18:00:30,673 [INFO] Argument:294 - Argument : XferHalfCpltCallbackvalue: null
2021-09-27 18:00:30,673 [INFO] Argument:304 - Argument : XferHalfCpltCallbackvalue: null
2021-09-27 18:00:30,673 [INFO] Argument:294 - Argument : XferErrorCallbackvalue: null
2021-09-27 18:00:30,673 [INFO] Argument:304 - Argument : XferErrorCallbackvalue: null
2021-09-27 18:00:30,673 [INFO] Argument:294 - Argument : ErrorCodevalue: null
2021-09-27 18:00:30,673 [INFO] Argument:304 - Argument : ErrorCodevalue: null
2021-09-27 18:00:30,972 [INFO] CodeEngine:239 - oldGeneratedFile, C:\NelsonLima\Projetos\iBus_FlySky.git\trunk\CubeIDE\J3_ibus_flysky\MXTmpFiles\license.tmp_save
2021-09-27 18:00:31,022 [INFO] CodeEngine:257 - Generated code: C:\NelsonLima\Projetos\iBus_FlySky.git\trunk\CubeIDE\J3_ibus_flysky\MXTmpFiles\license.tmp
2021-09-27 18:00:31,055 [INFO] CodeEngine:239 - oldGeneratedFile, C:\NelsonLima\Projetos\iBus_FlySky.git\trunk\CubeIDE\J3_ibus_flysky\Core\Src\gpio.c_save
2021-09-27 18:00:31,210 [INFO] CodeEngine:257 - Generated code: C:\NelsonLima\Projetos\iBus_FlySky.git\trunk\CubeIDE\J3_ibus_flysky\Core\Src\gpio.c
2021-09-27 18:00:31,219 [INFO] CodeEngine:239 - oldGeneratedFile, C:\NelsonLima\Projetos\iBus_FlySky.git\trunk\CubeIDE\J3_ibus_flysky\Core\Inc\gpio.h_save
2021-09-27 18:00:31,270 [INFO] CodeEngine:257 - Generated code: C:\NelsonLima\Projetos\iBus_FlySky.git\trunk\CubeIDE\J3_ibus_flysky\Core\Inc\gpio.h
2021-09-27 18:00:31,350 [INFO] CodeEngine:239 - oldGeneratedFile, C:\NelsonLima\Projetos\iBus_FlySky.git\trunk\CubeIDE\J3_ibus_flysky\Core\Src\dma.c_save
2021-09-27 18:00:31,424 [INFO] CodeEngine:257 - Generated code: C:\NelsonLima\Projetos\iBus_FlySky.git\trunk\CubeIDE\J3_ibus_flysky\Core\Src\dma.c
2021-09-27 18:00:31,432 [INFO] CodeEngine:239 - oldGeneratedFile, C:\NelsonLima\Projetos\iBus_FlySky.git\trunk\CubeIDE\J3_ibus_flysky\Core\Inc\dma.h_save
2021-09-27 18:00:31,504 [INFO] CodeEngine:257 - Generated code: C:\NelsonLima\Projetos\iBus_FlySky.git\trunk\CubeIDE\J3_ibus_flysky\Core\Inc\dma.h
2021-09-27 18:00:31,522 [INFO] CodeEngine:239 - oldGeneratedFile, C:\NelsonLima\Projetos\iBus_FlySky.git\trunk\CubeIDE\J3_ibus_flysky\Core\Src\usart.c_save
2021-09-27 18:00:31,628 [INFO] CodeEngine:257 - Generated code: C:\NelsonLima\Projetos\iBus_FlySky.git\trunk\CubeIDE\J3_ibus_flysky\Core\Src\usart.c
2021-09-27 18:00:31,636 [INFO] CodeEngine:239 - oldGeneratedFile, C:\NelsonLima\Projetos\iBus_FlySky.git\trunk\CubeIDE\J3_ibus_flysky\Core\Inc\usart.h_save
2021-09-27 18:00:31,701 [INFO] CodeEngine:257 - Generated code: C:\NelsonLima\Projetos\iBus_FlySky.git\trunk\CubeIDE\J3_ibus_flysky\Core\Inc\usart.h
2021-09-27 18:00:31,717 [INFO] CodeEngine:239 - oldGeneratedFile, C:\NelsonLima\Projetos\iBus_FlySky.git\trunk\CubeIDE\J3_ibus_flysky\Core\Src\stm32f1xx_it.c_save
2021-09-27 18:00:31,791 [INFO] CodeEngine:257 - Generated code: C:\NelsonLima\Projetos\iBus_FlySky.git\trunk\CubeIDE\J3_ibus_flysky\Core\Src\stm32f1xx_it.c
2021-09-27 18:00:31,799 [INFO] CodeEngine:239 - oldGeneratedFile, C:\NelsonLima\Projetos\iBus_FlySky.git\trunk\CubeIDE\J3_ibus_flysky\Core\Inc\stm32f1xx_it.h_save
2021-09-27 18:00:31,879 [INFO] CodeEngine:257 - Generated code: C:\NelsonLima\Projetos\iBus_FlySky.git\trunk\CubeIDE\J3_ibus_flysky\Core\Inc\stm32f1xx_it.h
2021-09-27 18:00:31,900 [INFO] CodeEngine:239 - oldGeneratedFile, C:\NelsonLima\Projetos\iBus_FlySky.git\trunk\CubeIDE\J3_ibus_flysky\Core\Src\stm32f1xx_hal_msp.c_save
2021-09-27 18:00:31,971 [INFO] CodeEngine:257 - Generated code: C:\NelsonLima\Projetos\iBus_FlySky.git\trunk\CubeIDE\J3_ibus_flysky\Core\Src\stm32f1xx_hal_msp.c
2021-09-27 18:00:31,978 [INFO] CodeEngine:239 - oldGeneratedFile, C:\NelsonLima\Projetos\iBus_FlySky.git\trunk\CubeIDE\J3_ibus_flysky\MXTmpFiles\system.tmp_save
2021-09-27 18:00:32,020 [INFO] CodeEngine:257 - Generated code: C:\NelsonLima\Projetos\iBus_FlySky.git\trunk\CubeIDE\J3_ibus_flysky\MXTmpFiles\system.tmp
2021-09-27 18:00:32,035 [INFO] CodeEngine:239 - oldGeneratedFile, C:\NelsonLima\Projetos\iBus_FlySky.git\trunk\CubeIDE\J3_ibus_flysky\Core\Inc\stm32f1xx_hal_conf.h_save
2021-09-27 18:00:32,124 [INFO] CodeEngine:257 - Generated code: C:\NelsonLima\Projetos\iBus_FlySky.git\trunk\CubeIDE\J3_ibus_flysky\Core\Inc\stm32f1xx_hal_conf.h
2021-09-27 18:00:32,160 [INFO] CodeEngine:239 - oldGeneratedFile, C:\NelsonLima\Projetos\iBus_FlySky.git\trunk\CubeIDE\J3_ibus_flysky\Core\Inc\main.h_save
2021-09-27 18:00:32,228 [INFO] CodeEngine:257 - Generated code: C:\NelsonLima\Projetos\iBus_FlySky.git\trunk\CubeIDE\J3_ibus_flysky\Core\Inc\main.h
2021-09-27 18:00:32,241 [INFO] CodeEngine:239 - oldGeneratedFile, C:\NelsonLima\Projetos\iBus_FlySky.git\trunk\CubeIDE\J3_ibus_flysky\Core\Src\main.c_save
2021-09-27 18:00:32,373 [INFO] CodeEngine:257 - Generated code: C:\NelsonLima\Projetos\iBus_FlySky.git\trunk\CubeIDE\J3_ibus_flysky\Core\Src\main.c
2021-09-27 18:00:33,393 [INFO] ProjectBuilder:2578 - Time for Copy HAL[1] : 356mS.
2021-09-27 18:00:33,396 [INFO] ProjectBuilder:3622 - Project Generator version: 3.14.1
2021-09-27 18:00:33,948 [INFO] ConfigFileManager:1271 - The Die is : DIE410
2021-09-27 18:00:35,802 [INFO] ProjectBuilder:3789 - Time for Generating toolchain IDE Files: 2406mS.
2021-09-27 18:00:35,803 [INFO] ProjectBuilder:2457 - Time for Copy CMSIS : 1mS.
2021-09-27 18:00:35,807 [INFO] ProjectBuilder:2457 - Time for Copy CMSIS : 0mS.
2021-09-30 18:55:30,411 [INFO] Activator:177 - 


2021-09-30 18:55:30,413 [INFO] Activator:178 - !SESSION log4j initialized
2021-10-05 21:03:12,651 [INFO] Activator:177 - 


2021-10-05 21:03:12,653 [INFO] Activator:178 - !SESSION log4j initialized
